This is pdfTeX, Version 3.1415926-2.4-1.40.13 (TeX Live 2012/Debian) (format=pdflatex 2014.6.7)  2 JUL 2014 18:14
entering extended mode
 restricted \write18 enabled.
 %&-line parsing enabled.
**MARX.tex
(./MARX.tex
LaTeX2e <2011/06/27>
Babel <v3.8m> and hyphenation patterns for english, dumylang, nohyphenation, et
hiopic, farsi, arabic, pinyin, croatian, bulgarian, ukrainian, russian, slovak,
 czech, danish, dutch, usenglishmax, ukenglish, finnish, french, basque, ngerma
n, german, swissgerman, ngerman-x-2012-05-30, german-x-2012-05-30, monogreek, g
reek, ibycus, ancientgreek, hungarian, bengali, tamil, hindi, telugu, gujarati,
 sanskrit, malayalam, kannada, assamese, marathi, oriya, panjabi, italian, lati
n, latvian, lithuanian, mongolian, mongolianlmc, nynorsk, bokmal, indonesian, e
speranto, coptic, welsh, irish, interlingua, serbian, serbianc, slovenian, friu
lan, romansh, estonian, romanian, armenian, uppersorbian, turkish, afrikaans, i
celandic, kurmanji, polish, portuguese, galician, catalan, spanish, swedish, th
ai, loaded.
(./hedrabook.cls
Document Class: hedrabook 2007/03/16 (v.2.2) Formato Básico de Livros da Edito
ra Hedra
(/usr/share/texlive/texmf-dist/tex/latex/tools/calc.sty
Package: calc 2007/08/22 v4.3 Infix arithmetic (KKT,FJ)
\calc@Acount=\count79
\calc@Bcount=\count80
\calc@Adimen=\dimen102
\calc@Bdimen=\dimen103
\calc@Askip=\skip41
\calc@Bskip=\skip42
LaTeX Info: Redefining \setlength on input line 76.
LaTeX Info: Redefining \addtolength on input line 77.
\calc@Ccount=\count81
\calc@Cskip=\skip43
)
(/usr/share/texlive/texmf-dist/tex/latex/textcase/textcase.sty
Package: textcase 2004/10/07 v0.07 Text only upper/lower case changing (DPC)
)
(/usr/share/texlive/texmf-dist/tex/latex/geometry/geometry.sty
Package: geometry 2010/09/12 v5.6 Page Geometry

(/usr/share/texlive/texmf-dist/tex/latex/graphics/keyval.sty
Package: keyval 1999/03/16 v1.13 key=value parser (DPC)
\KV@toks@=\toks14
)
(/usr/share/texlive/texmf-dist/tex/generic/oberdiek/ifpdf.sty
Package: ifpdf 2011/01/30 v2.3 Provides the ifpdf switch (HO)
Package ifpdf Info: pdfTeX in PDF mode is detected.
)
(/usr/share/texlive/texmf-dist/tex/generic/oberdiek/ifvtex.sty
Package: ifvtex 2010/03/01 v1.5 Detect VTeX and its facilities (HO)
Package ifvtex Info: VTeX not detected.
)
(/usr/share/texlive/texmf-dist/tex/generic/ifxetex/ifxetex.sty
Package: ifxetex 2010/09/12 v0.6 Provides ifxetex conditional
)
\Gm@cnth=\count82
\Gm@cntv=\count83
\c@Gm@tempcnt=\count84
\Gm@bindingoffset=\dimen104
\Gm@wd@mp=\dimen105
\Gm@odd@mp=\dimen106
\Gm@even@mp=\dimen107
\Gm@layoutwidth=\dimen108
\Gm@layoutheight=\dimen109
\Gm@layouthoffset=\dimen110
\Gm@layoutvoffset=\dimen111
\Gm@dimlist=\toks15
)
(/usr/share/texlive/texmf-dist/tex/latex/base/book.cls
Document Class: book 2007/10/19 v1.4h Standard LaTeX document class
(/usr/share/texlive/texmf-dist/tex/latex/base/bk11.clo
File: bk11.clo 2007/10/19 v1.4h Standard LaTeX file (size option)
)
\c@part=\count85
\c@chapter=\count86
\c@section=\count87
\c@subsection=\count88
\c@subsubsection=\count89
\c@paragraph=\count90
\c@subparagraph=\count91
\c@figure=\count92
\c@table=\count93
\abovecaptionskip=\skip44
\belowcaptionskip=\skip45
\bibindent=\dimen112
))
(/var/lib/texmf/tex/generic/babel/babel.sty
Package: babel 2008/07/08 v3.8m The Babel package

(/usr/share/texlive/texmf-dist/tex/generic/babel/portuges.ldf
Language: portuges 2008/03/18 v1.2q Portuguese support from the babel system

(/usr/share/texlive/texmf-dist/tex/generic/babel/babel.def
File: babel.def 2008/07/08 v3.8m Babel common definitions
\babel@savecnt=\count94
\U@D=\dimen113
)
\l@brazilian = a dialect from \language\l@portuges 
Package babel Info: Making " an active character on input line 145.
))
(/usr/share/texlive/texmf-dist/tex/latex/ucs/ucs.sty
Package: ucs 2004/10/17 UCS: Unicode input support

(/usr/share/texlive/texmf-dist/tex/latex/ucs/data/uni-global.def
File: uni-global.def 2012/04/20 UCS: Unicode global data
)
\uc@secondtry=\count95
\uc@combtoks=\toks16
\uc@combtoksb=\toks17
\uc@temptokena=\toks18
)
(/usr/share/texlive/texmf-dist/tex/latex/base/inputenc.sty
Package: inputenc 2008/03/30 v1.1d Input encoding file
\inpenc@prehook=\toks19
\inpenc@posthook=\toks20

(/usr/share/texlive/texmf-dist/tex/latex/ucs/utf8x.def
File: utf8x.def 2004/10/17 UCS: Input encoding UTF-8
)) (./hedracrop.sty

LaTeX Warning: You have requested package `hedracrop',
               but the package provides `crop'.

Package: crop 2003/05/20 v1.9 crop marks (mf)
\stockwidth=\dimen114
\stockheight=\dimen115
\CROP@index=\count96
(/usr/share/texlive/texmf-dist/tex/latex/svn/svn.sty
Package: svn 2007/09/25 r43 Typeset Subversion keywords.
)
(/usr/share/texlive/texmf-dist/tex/latex/graphics/color.sty
Package: color 2005/11/14 v1.0j Standard LaTeX Color (DPC)

(/usr/share/texlive/texmf-dist/tex/latex/latexconfig/color.cfg
File: color.cfg 2007/01/18 v1.5 color configuration of teTeX/TeXLive
)
Package color Info: Driver file: pdftex.def on input line 130.

(/usr/share/texlive/texmf-dist/tex/latex/pdftex-def/pdftex.def
File: pdftex.def 2011/05/27 v0.06d Graphics/color for pdfTeX

(/usr/share/texlive/texmf-dist/tex/generic/oberdiek/infwarerr.sty
Package: infwarerr 2010/04/08 v1.3 Providing info/warning/error messages (HO)
)
(/usr/share/texlive/texmf-dist/tex/generic/oberdiek/ltxcmds.sty
Package: ltxcmds 2011/11/09 v1.22 LaTeX kernel commands for general use (HO)
)
\Gread@gobject=\count97
))
(/usr/share/texlive/texmf-dist/tex/latex/graphics/graphics.sty
Package: graphics 2009/02/05 v1.0o Standard LaTeX Graphics (DPC,SPQR)

(/usr/share/texlive/texmf-dist/tex/latex/graphics/trig.sty
Package: trig 1999/03/16 v1.09 sin cos tan (DPC)
)
(/usr/share/texlive/texmf-dist/tex/latex/latexconfig/graphics.cfg
File: graphics.cfg 2010/04/23 v1.9 graphics configuration of TeX Live
)
Package graphics Info: Driver file: pdftex.def on input line 91.
)
\CROP@offset=\count98
Package crop Info: Local config file crop.cfg used on input line 623.

(/usr/share/texlive/texmf-dist/tex/xelatex/xetexconfig/crop.cfg))
(./hedrabolsolayout.sty
(/usr/share/texlive/texmf-dist/tex/latex/graphics/graphicx.sty
Package: graphicx 1999/02/16 v1.0f Enhanced LaTeX Graphics (DPC,SPQR)
\Gin@req@height=\dimen116
\Gin@req@width=\dimen117
)
(/usr/share/texlive/texmf-dist/tex/latex/fancyhdr/fancyhdr.sty
\fancy@headwidth=\skip46
\f@ncyO@elh=\skip47
\f@ncyO@erh=\skip48
\f@ncyO@olh=\skip49
\f@ncyO@orh=\skip50
\f@ncyO@elf=\skip51
\f@ncyO@erf=\skip52
\f@ncyO@olf=\skip53
\f@ncyO@orf=\skip54
)
(/usr/share/texlive/texmf-dist/tex/latex/nextpage/nextpage.sty
Package: nextpage 2009/09/03 v1.1a additional page commands
))
(./hedraextra.sty
(/usr/share/texlive/texmf-dist/tex/latex/ncctools/manyfoot.sty
Package: manyfoot 2005/09/11 v1.10 Many Footnote Levels Package (NCC)

(/usr/share/texlive/texmf-dist/tex/latex/ncctools/nccfoots.sty
Package: nccfoots 2005/02/03 v1.2 NCC Footnotes Package (NCC)
)
\MFL@columnwidth=\dimen118
)
(/usr/share/texlive/texmf-dist/tex/latex/ms/everyshi.sty
Package: everyshi 2001/05/15 v3.00 EveryShipout Package (MS)
)
\c@mypage=\count99

(/usr/share/texlive/texmf-dist/tex/latex/epigraph/epigraph.sty
Package: epigraph 2009/09/02 v1.5c typesetting epigraphs
\beforeepigraphskip=\skip55
\afterepigraphskip=\skip56
\epigraphwidth=\skip57
\epigraphrule=\skip58
)
\c@@sectionNumCenter=\count100
)
(./hedratoc.sty)
(/usr/share/texlive/texmf-dist/tex/latex/microtype/microtype.sty
Package: microtype 2010/01/10 v2.4 Micro-typography with pdfTeX (RS)
\MT@toks=\toks21
\MT@count=\count101
LaTeX Info: Redefining \lsstyle on input line 1597.
LaTeX Info: Redefining \lslig on input line 1597.
\MT@outer@space=\skip59
LaTeX Info: Redefining \textls on input line 1605.
\MT@outer@kern=\dimen119
LaTeX Info: Redefining \textmicrotypecontext on input line 2156.
Package microtype Info: Loading configuration file microtype.cfg.

(/usr/share/texlive/texmf-dist/tex/latex/microtype/microtype.cfg
File: microtype.cfg 2010/01/10 v2.4 microtype main configuration file (RS)
))
(/usr/share/texlive/texmf-dist/tex/latex/comment/comment.sty
\CommentStream=\write3

Excluding comment 'comment')
(/usr/share/texlive/texmf-dist/tex/latex/lipsum/lipsum.sty
Package: lipsum 2011/04/14 v1.2 150 paragraphs of Lorem Ipsum dummy text
\c@lips@count=\count102
)
(/usr/share/texlive/texmf-dist/tex/latex/footmisc/footmisc.sty
Package: footmisc 2011/06/06 v5.5b a miscellany of footnote facilities
\FN@temptoken=\toks22
\footnotemargin=\dimen120
\c@pp@next@reset=\count103
Package footmisc Info: Declaring symbol style bringhurst on input line 855.
Package footmisc Info: Declaring symbol style chicago on input line 863.
Package footmisc Info: Declaring symbol style wiley on input line 872.
Package footmisc Info: Declaring symbol style lamport-robust on input line 883.

Package footmisc Info: Declaring symbol style lamport* on input line 903.
Package footmisc Info: Declaring symbol style lamport*-robust on input line 924
.
)
(/usr/share/texlive/texmf-dist/tex/latex/endnotes/endnotes.sty
\c@endnote=\count104
\endnotesep=\dimen121
\@enotes=\write4
)
(/usr/local/share/texmf/tex/latex/MinionPro/MinionPro.sty
Package: MinionPro 2012/08/03 v2.3 MinionPro support for LaTeX

(/usr/share/texlive/texmf-dist/tex/latex/oberdiek/kvoptions.sty
Package: kvoptions 2011/06/30 v3.11 Key value format for package options (HO)

(/usr/share/texlive/texmf-dist/tex/generic/oberdiek/kvsetkeys.sty
Package: kvsetkeys 2012/04/25 v1.16 Key value parser (HO)

(/usr/share/texlive/texmf-dist/tex/generic/oberdiek/etexcmds.sty
Package: etexcmds 2011/02/16 v1.5 Avoid name clashes with e-TeX commands (HO)

(/usr/share/texlive/texmf-dist/tex/generic/oberdiek/ifluatex.sty
Package: ifluatex 2010/03/01 v1.3 Provides the ifluatex switch (HO)
Package ifluatex Info: LuaTeX not detected.
)
Package etexcmds Info: Could not find \expanded.
(etexcmds)             That can mean that you are not using pdfTeX 1.50 or
(etexcmds)             that some package has redefined \expanded.
(etexcmds)             In the latter case, load this package earlier.
)))
(/usr/local/share/texmf/tex/latex/MinionPro/MinionPro-FontDef.sty
File: MinionPro-FontDef.sty 2007/02/01 v2.2 font definition macros

(/usr/local/share/texmf/tex/latex/MinionPro/otfontdef.sty
Package: otfontdef 2005/06/04 v0.1e OpenType font definition
)
\Mn@option@normalsize=\dimen122
Package MinionPro-FontDef Info: Configuration: smallfamily, noopticals, normals
ize=10.95pt on input line 52.
\Mn@config@cnt=\count105

(/usr/share/texlive/texmf-dist/tex/generic/fltpoint/fltpoint.sty
Package: fltpoint 2004/11/12 v1.1b floating point arithmetic

(/usr/share/texlive/texmf-dist/tex/generic/fltpoint/fltpoint.tex
\fp@loopcount=\count106
\fp@loopcountii=\count107
\fp@result=\count108
\fp@carryover=\count109
\fp@tempcount=\count110
\fp@tempcountii=\count111
))
\Mn@fontdimen=\dimen123
)
(/usr/share/texlive/texmf-dist/tex/latex/base/textcomp.sty
Package: textcomp 2005/09/27 v1.99g Standard LaTeX package
Package textcomp Info: Sub-encoding information:
(textcomp)               5 = only ISO-Adobe without \textcurrency
(textcomp)               4 = 5 + \texteuro
(textcomp)               3 = 4 + \textohm
(textcomp)               2 = 3 + \textestimated + \textcurrency
(textcomp)               1 = TS1 - \textcircled - \t
(textcomp)               0 = TS1 (full)
(textcomp)             Font families with sub-encoding setting implement
(textcomp)             only a restricted character set as indicated.
(textcomp)             Family '?' is the default used for unknown fonts.
(textcomp)             See the documentation for details.
Package textcomp Info: Setting ? sub-encoding to TS1/1 on input line 71.

(/usr/share/texlive/texmf-dist/tex/latex/base/ts1enc.def
File: ts1enc.def 2001/06/05 v3.0e (jk/car/fm) Standard LaTeX file
)
LaTeX Info: Redefining \oldstylenums on input line 266.
Package textcomp Info: Setting cmr sub-encoding to TS1/0 on input line 281.
Package textcomp Info: Setting cmss sub-encoding to TS1/0 on input line 282.
Package textcomp Info: Setting cmtt sub-encoding to TS1/0 on input line 283.
Package textcomp Info: Setting cmvtt sub-encoding to TS1/0 on input line 284.
Package textcomp Info: Setting cmbr sub-encoding to TS1/0 on input line 285.
Package textcomp Info: Setting cmtl sub-encoding to TS1/0 on input line 286.
Package textcomp Info: Setting ccr sub-encoding to TS1/0 on input line 287.
Package textcomp Info: Setting ptm sub-encoding to TS1/4 on input line 288.
Package textcomp Info: Setting pcr sub-encoding to TS1/4 on input line 289.
Package textcomp Info: Setting phv sub-encoding to TS1/4 on input line 290.
Package textcomp Info: Setting ppl sub-encoding to TS1/3 on input line 291.
Package textcomp Info: Setting pag sub-encoding to TS1/4 on input line 292.
Package textcomp Info: Setting pbk sub-encoding to TS1/4 on input line 293.
Package textcomp Info: Setting pnc sub-encoding to TS1/4 on input line 294.
Package textcomp Info: Setting pzc sub-encoding to TS1/4 on input line 295.
Package textcomp Info: Setting bch sub-encoding to TS1/4 on input line 296.
Package textcomp Info: Setting put sub-encoding to TS1/5 on input line 297.
Package textcomp Info: Setting uag sub-encoding to TS1/5 on input line 298.
Package textcomp Info: Setting ugq sub-encoding to TS1/5 on input line 299.
Package textcomp Info: Setting ul8 sub-encoding to TS1/4 on input line 300.
Package textcomp Info: Setting ul9 sub-encoding to TS1/4 on input line 301.
Package textcomp Info: Setting augie sub-encoding to TS1/5 on input line 302.
Package textcomp Info: Setting dayrom sub-encoding to TS1/3 on input line 303.
Package textcomp Info: Setting dayroms sub-encoding to TS1/3 on input line 304.

Package textcomp Info: Setting pxr sub-encoding to TS1/0 on input line 305.
Package textcomp Info: Setting pxss sub-encoding to TS1/0 on input line 306.
Package textcomp Info: Setting pxtt sub-encoding to TS1/0 on input line 307.
Package textcomp Info: Setting txr sub-encoding to TS1/0 on input line 308.
Package textcomp Info: Setting txss sub-encoding to TS1/0 on input line 309.
Package textcomp Info: Setting txtt sub-encoding to TS1/0 on input line 310.
Package textcomp Info: Setting lmr sub-encoding to TS1/0 on input line 311.
Package textcomp Info: Setting lmdh sub-encoding to TS1/0 on input line 312.
Package textcomp Info: Setting lmss sub-encoding to TS1/0 on input line 313.
Package textcomp Info: Setting lmssq sub-encoding to TS1/0 on input line 314.
Package textcomp Info: Setting lmvtt sub-encoding to TS1/0 on input line 315.
Package textcomp Info: Setting qhv sub-encoding to TS1/0 on input line 316.
Package textcomp Info: Setting qag sub-encoding to TS1/0 on input line 317.
Package textcomp Info: Setting qbk sub-encoding to TS1/0 on input line 318.
Package textcomp Info: Setting qcr sub-encoding to TS1/0 on input line 319.
Package textcomp Info: Setting qcs sub-encoding to TS1/0 on input line 320.
Package textcomp Info: Setting qpl sub-encoding to TS1/0 on input line 321.
Package textcomp Info: Setting qtm sub-encoding to TS1/0 on input line 322.
Package textcomp Info: Setting qzc sub-encoding to TS1/0 on input line 323.
Package textcomp Info: Setting qhvc sub-encoding to TS1/0 on input line 324.
Package textcomp Info: Setting futs sub-encoding to TS1/4 on input line 325.
Package textcomp Info: Setting futx sub-encoding to TS1/4 on input line 326.
Package textcomp Info: Setting futj sub-encoding to TS1/4 on input line 327.
Package textcomp Info: Setting hlh sub-encoding to TS1/3 on input line 328.
Package textcomp Info: Setting hls sub-encoding to TS1/3 on input line 329.
Package textcomp Info: Setting hlst sub-encoding to TS1/3 on input line 330.
Package textcomp Info: Setting hlct sub-encoding to TS1/5 on input line 331.
Package textcomp Info: Setting hlx sub-encoding to TS1/5 on input line 332.
Package textcomp Info: Setting hlce sub-encoding to TS1/5 on input line 333.
Package textcomp Info: Setting hlcn sub-encoding to TS1/5 on input line 334.
Package textcomp Info: Setting hlcw sub-encoding to TS1/5 on input line 335.
Package textcomp Info: Setting hlcf sub-encoding to TS1/5 on input line 336.
Package textcomp Info: Setting pplx sub-encoding to TS1/3 on input line 337.
Package textcomp Info: Setting pplj sub-encoding to TS1/3 on input line 338.
Package textcomp Info: Setting ptmx sub-encoding to TS1/4 on input line 339.
Package textcomp Info: Setting ptmj sub-encoding to TS1/4 on input line 340.
)
(/usr/share/texlive/texmf-dist/tex/latex/mnsymbol/MnSymbol.sty
Package: MnSymbol 2007/01/21 v1.4 support for the MnSymbol font

(/usr/share/texlive/texmf-dist/tex/latex/amsmath/amsmath.sty
Package: amsmath 2000/07/18 v2.13 AMS math features
\@mathmargin=\skip60

For additional information on amsmath, use the `?' option.
(/usr/share/texlive/texmf-dist/tex/latex/amsmath/amstext.sty
Package: amstext 2000/06/29 v2.01

(/usr/share/texlive/texmf-dist/tex/latex/amsmath/amsgen.sty
File: amsgen.sty 1999/11/30 v2.0
\@emptytoks=\toks23
\ex@=\dimen124
))
(/usr/share/texlive/texmf-dist/tex/latex/amsmath/amsbsy.sty
Package: amsbsy 1999/11/29 v1.2d
\pmbraise@=\dimen125
)
(/usr/share/texlive/texmf-dist/tex/latex/amsmath/amsopn.sty
Package: amsopn 1999/12/14 v2.01 operator names
)
\inf@bad=\count112
LaTeX Info: Redefining \frac on input line 211.
\uproot@=\count113
\leftroot@=\count114
LaTeX Info: Redefining \overline on input line 307.
\classnum@=\count115
\DOTSCASE@=\count116
LaTeX Info: Redefining \ldots on input line 379.
LaTeX Info: Redefining \dots on input line 382.
LaTeX Info: Redefining \cdots on input line 467.
\Mathstrutbox@=\box26
\strutbox@=\box27
\big@size=\dimen126
LaTeX Font Info:    Redeclaring font encoding OML on input line 567.
LaTeX Font Info:    Redeclaring font encoding OMS on input line 568.
\macc@depth=\count117
\c@MaxMatrixCols=\count118
\dotsspace@=\muskip10
\c@parentequation=\count119
\dspbrk@lvl=\count120
\tag@help=\toks24
\row@=\count121
\column@=\count122
\maxfields@=\count123
\andhelp@=\toks25
\eqnshift@=\dimen127
\alignsep@=\dimen128
\tagshift@=\dimen129
\tagwidth@=\dimen130
\totwidth@=\dimen131
\lineht@=\dimen132
\@envbody=\toks26
\multlinegap=\skip61
\multlinetaggap=\skip62
\mathdisplay@stack=\toks27
LaTeX Info: Redefining \[ on input line 2666.
LaTeX Info: Redefining \] on input line 2667.
)
(/usr/share/texlive/texmf-dist/tex/latex/amsfonts/eufrak.sty
Package: eufrak 2009/06/22 v3.00 Euler Fraktur fonts
LaTeX Font Info:    Overwriting math alphabet `\EuFrak' in version `bold'
(Font)                  U/euf/m/n --> U/euf/b/n on input line 39.
)
LaTeX Info: Redefining \dagger on input line 84.
LaTeX Info: Redefining \ddagger on input line 84.
LaTeX Info: Redefining \mathparagraph on input line 84.
LaTeX Info: Redefining \mathsection on input line 84.
LaTeX Info: Redefining \mathdollar on input line 84.
LaTeX Info: Redefining \mathsterling on input line 84.
LaTeX Info: Redefining \Re on input line 84.
LaTeX Info: Redefining \Im on input line 84.
\symMnSyA=\mathgroup4
\symMnSyB=\mathgroup5
\symMnSyC=\mathgroup6
\symMnSyD=\mathgroup7
LaTeX Font Info:    Redeclaring symbol font `largesymbols' on input line 119.
LaTeX Font Info:    Overwriting symbol font `largesymbols' in version `normal'
(Font)                  OMX/cmex/m/n --> OMX/MnSymbolE/m/n on input line 119.
LaTeX Font Info:    Overwriting symbol font `largesymbols' in version `bold'
(Font)                  OMX/cmex/m/n --> OMX/MnSymbolE/m/n on input line 119.
LaTeX Font Info:    Redeclaring symbol font `symbols' on input line 120.
LaTeX Font Info:    Encoding `OMS' has changed to `U' for symbol font
(Font)              `symbols' in the math version `normal' on input line 120.
LaTeX Font Info:    Overwriting symbol font `symbols' in version `normal'
(Font)                  OMS/cmsy/m/n --> U/MnSymbolF/m/n on input line 120.
LaTeX Font Info:    Encoding `OMS' has changed to `U' for symbol font
(Font)              `symbols' in the math version `bold' on input line 120.
LaTeX Font Info:    Overwriting symbol font `symbols' in version `bold'
(Font)                  OMS/cmsy/b/n --> U/MnSymbolF/m/n on input line 120.
LaTeX Font Info:    Overwriting symbol font `MnSyA' in version `bold'
(Font)                  U/MnSymbolA/m/n --> U/MnSymbolA/b/n on input line 121.
LaTeX Font Info:    Overwriting symbol font `MnSyB' in version `bold'
(Font)                  U/MnSymbolB/m/n --> U/MnSymbolB/b/n on input line 122.
LaTeX Font Info:    Overwriting symbol font `MnSyC' in version `bold'
(Font)                  U/MnSymbolC/m/n --> U/MnSymbolC/b/n on input line 123.
LaTeX Font Info:    Overwriting symbol font `MnSyD' in version `bold'
(Font)                  U/MnSymbolD/m/n --> U/MnSymbolD/b/n on input line 124.
LaTeX Font Info:    Overwriting symbol font `largesymbols' in version `bold'
(Font)                  OMX/MnSymbolE/m/n --> OMX/MnSymbolE/b/n on input line 1
25.
LaTeX Font Info:    Overwriting symbol font `symbols' in version `bold'
(Font)                  U/MnSymbolF/m/n --> U/MnSymbolF/b/n on input line 126.
LaTeX Font Info:    Redeclaring math alphabet \mathcal on input line 241.
LaTeX Font Info:    Overwriting math alphabet `\mathcal' in version `bold'
(Font)                  OMS/MnSymbolS/m/n --> OMS/MnSymbolS/b/n on input line 2
41.
LaTeX Info: Redefining \longrightarrow on input line 548.
LaTeX Info: Redefining \longleftarrow on input line 549.
LaTeX Info: Redefining \longleftrightarrow on input line 550.
LaTeX Info: Redefining \Longrightarrow on input line 551.
LaTeX Info: Redefining \Longleftarrow on input line 552.
LaTeX Info: Redefining \Longleftrightarrow on input line 553.
LaTeX Info: Redefining \longmapsto on input line 554.
LaTeX Info: Redefining \vdots on input line 868.
LaTeX Font Info:    Redeclaring math symbol \braceld on input line 1721.
LaTeX Font Info:    Redeclaring math symbol \bracelu on input line 1722.
LaTeX Font Info:    Redeclaring math symbol \bracerd on input line 1723.
LaTeX Font Info:    Redeclaring math symbol \braceru on input line 1724.
LaTeX Info: Redefining \downbracefill on input line 1799.
LaTeX Info: Redefining \upbracefill on input line 1800.
LaTeX Info: Redefining \overbrace on input line 1819.
LaTeX Info: Redefining \underbrace on input line 1820.
LaTeX Info: Redefining \surd on input line 1843.
LaTeX Font Info:    Redeclaring math accent \widehat on input line 1845.
LaTeX Font Info:    Redeclaring math accent \widetilde on input line 1846.
LaTeX Font Info:    Redeclaring math accent \vec on input line 1848.
)
LaTeX Font Info:    Redeclaring symbol font `operators' on input line 181.
LaTeX Font Info:    Encoding `OT1' has changed to `T1' for symbol font
(Font)              `operators' in the math version `normal' on input line 181.

LaTeX Font Info:    Overwriting symbol font `operators' in version `normal'
(Font)                  OT1/cmr/m/n --> T1/MinionPro-LF/m/n on input line 181.
LaTeX Font Info:    Encoding `OT1' has changed to `T1' for symbol font
(Font)              `operators' in the math version `bold' on input line 181.
LaTeX Font Info:    Overwriting symbol font `operators' in version `bold'
(Font)                  OT1/cmr/bx/n --> T1/MinionPro-LF/m/n on input line 181.

LaTeX Font Info:    Redeclaring symbol font `letters' on input line 182.
LaTeX Font Info:    Overwriting symbol font `letters' in version `normal'
(Font)                  OML/cmm/m/it --> OML/MinionPro-TOsF/m/it on input line 
182.
LaTeX Font Info:    Overwriting symbol font `letters' in version `bold'
(Font)                  OML/cmm/b/it --> OML/MinionPro-TOsF/m/it on input line 
182.
LaTeX Font Info:    Overwriting symbol font `operators' in version `bold'
(Font)                  T1/MinionPro-LF/m/n --> T1/MinionPro-LF/eb/n on input l
ine 183.
LaTeX Font Info:    Overwriting symbol font `letters' in version `bold'
(Font)                  OML/MinionPro-TOsF/m/it --> OML/MinionPro-TOsF/eb/it on
 input line 184.
LaTeX Font Info:    Redeclaring math alphabet \mathbf on input line 185.
LaTeX Font Info:    Overwriting math alphabet `\mathbf' in version `normal'
(Font)                  OT1/cmr/bx/n --> T1/MinionPro-LF/eb/n on input line 185
.
LaTeX Font Info:    Overwriting math alphabet `\mathbf' in version `bold'
(Font)                  OT1/cmr/bx/n --> T1/MinionPro-LF/eb/n on input line 185
.
LaTeX Font Info:    Redeclaring math alphabet \mathit on input line 186.
LaTeX Font Info:    Overwriting math alphabet `\mathit' in version `normal'
(Font)                  OT1/cmr/m/it --> T1/MinionPro-LF/m/it on input line 186
.
LaTeX Font Info:    Overwriting math alphabet `\mathit' in version `bold'
(Font)                  OT1/cmr/bx/it --> T1/MinionPro-LF/m/it on input line 18
6.
LaTeX Font Info:    Overwriting math alphabet `\mathit' in version `bold'
(Font)                  T1/MinionPro-LF/m/it --> T1/MinionPro-LF/eb/it on input
 line 187.
\c@mv@tabular=\count124
LaTeX Font Info:    Overwriting symbol font `operators' in version `tabular'
(Font)                  T1/MinionPro-LF/m/n --> T1/MinionPro-TLF/m/n on input l
ine 189.
LaTeX Font Info:    Overwriting symbol font `letters' in version `tabular'
(Font)                  OML/MinionPro-TOsF/m/it --> OML/MinionPro-TOsF/m/it on 
input line 190.
LaTeX Font Info:    Overwriting math alphabet `\mathit' in version `tabular'
(Font)                  OT1/cmr/m/it --> T1/MinionPro-TLF/m/it on input line 19
1.
\c@mv@boldtabular=\count125
LaTeX Font Info:    Overwriting symbol font `operators' in version `boldtabular
'
(Font)                  T1/MinionPro-LF/m/n --> T1/MinionPro-TLF/eb/n on input 
line 194.
LaTeX Font Info:    Overwriting symbol font `letters' in version `boldtabular'
(Font)                  OML/MinionPro-TOsF/m/it --> OML/MinionPro-TOsF/eb/it on
 input line 195.
LaTeX Font Info:    Overwriting math alphabet `\mathit' in version `boldtabular
'
(Font)                  OT1/cmr/m/it --> T1/MinionPro-TLF/eb/it on input line 1
96.
LaTeX Font Info:    Redeclaring math accent \grave on input line 197.
LaTeX Font Info:    Redeclaring math accent \acute on input line 198.
LaTeX Font Info:    Redeclaring math accent \hat on input line 199.
LaTeX Font Info:    Redeclaring math accent \tilde on input line 200.
LaTeX Font Info:    Redeclaring math accent \ddot on input line 201.
LaTeX Font Info:    Redeclaring math accent \mathring on input line 202.
LaTeX Font Info:    Redeclaring math accent \check on input line 203.
LaTeX Font Info:    Redeclaring math accent \breve on input line 204.
LaTeX Font Info:    Redeclaring math accent \bar on input line 205.
LaTeX Font Info:    Redeclaring math accent \dot on input line 206.

(/usr/share/texlive/texmf-dist/tex/latex/fontaxes/fontaxes.sty
Package: fontaxes 2011/12/16 v1.0c Font selection axes
LaTeX Info: Redefining \upshape on input line 29.
LaTeX Info: Redefining \itshape on input line 31.
LaTeX Info: Redefining \slshape on input line 33.
LaTeX Info: Redefining \scshape on input line 37.
)
LaTeX Font Info:    Redeclaring math symbol \partial on input line 517.
LaTeX Font Info:    Redeclaring math symbol \ell on input line 519.
Package textcomp Info: Setting MinionPro-LF sub-encoding to TS1/1 on input line
 539.
Package textcomp Info: Setting MinionPro-TLF sub-encoding to TS1/1 on input lin
e 540.
Package textcomp Info: Setting MinionPro-OsF sub-encoding to TS1/1 on input lin
e 541.
Package textcomp Info: Setting MinionPro-TOsF sub-encoding to TS1/1 on input li
ne 542.
LaTeX Font Info:    Redeclaring symbol font `symbols' on input line 607.
LaTeX Font Info:    Overwriting symbol font `symbols' in version `normal'
(Font)                  U/MnSymbolF/m/n --> U/MnSymbolFI/m/it on input line 607
.
LaTeX Font Info:    Overwriting symbol font `symbols' in version `bold'
(Font)                  U/MnSymbolF/b/n --> U/MnSymbolFI/m/it on input line 607
.
LaTeX Font Info:    Overwriting symbol font `symbols' in version `tabular'
(Font)                  U/MnSymbolF/m/n --> U/MnSymbolFI/m/it on input line 607
.
LaTeX Font Info:    Overwriting symbol font `symbols' in version `boldtabular'
(Font)                  U/MnSymbolF/m/n --> U/MnSymbolFI/m/it on input line 607
.
LaTeX Font Info:    Overwriting symbol font `symbols' in version `bold'
(Font)                  U/MnSymbolFI/m/it --> U/MnSymbolFI/b/it on input line 6
07.
LaTeX Font Info:    Redeclaring math symbol \tint on input line 607.
LaTeX Font Info:    Redeclaring math symbol \tiint on input line 607.
LaTeX Font Info:    Redeclaring math symbol \tiiint on input line 607.
LaTeX Font Info:    Redeclaring math symbol \tiiiint on input line 607.
LaTeX Font Info:    Redeclaring math symbol \tidotsint on input line 607.
LaTeX Font Info:    Redeclaring math symbol \tlandupint on input line 607.
LaTeX Font Info:    Redeclaring math symbol \tlanddownint on input line 607.
LaTeX Font Info:    Redeclaring math symbol \tstrokedint on input line 607.
LaTeX Font Info:    Redeclaring math symbol \toint on input line 607.
LaTeX Font Info:    Redeclaring math symbol \toiint on input line 607.
LaTeX Font Info:    Redeclaring math symbol \trcirclerightint on input line 607
.
LaTeX Font Info:    Redeclaring math symbol \tlcirclerightint on input line 607
.
LaTeX Font Info:    Redeclaring math symbol \trcircleleftint on input line 607.

LaTeX Font Info:    Redeclaring math symbol \tlcircleleftint on input line 607.

LaTeX Font Info:    Redeclaring math symbol \tsumint on input line 607.
LaTeX Info: Redefining \LaTeX on input line 615.
LaTeX Font Info:    Try loading font information for OT1+MinionPro-OsF on input
 line 647.

(/usr/local/share/texmf/tex/latex/MinionPro/OT1MinionPro-OsF.fd
File: OT1MinionPro-OsF.fd 2005/01/23 v2.0 font definitions for OT1/MinionPro-Os
F.

(/usr/local/share/texmf/tex/latex/MinionPro/MinionPro-FontDef.sty
File: MinionPro-FontDef.sty 2007/02/01 v2.2 font definition macros
)))

LaTeX Warning: Unused global option(s):
    [11pt].

(./MARX.aux (./PRETAS.aux) (./INTRO.aux) (./TEXTO.aux) (./FINAIS.aux))
\openout1 = `MARX.aux'.

LaTeX Font Info:    Checking defaults for OML/cmm/m/it on input line 24.
LaTeX Font Info:    ... okay on input line 24.
LaTeX Font Info:    Checking defaults for T1/cmr/m/n on input line 24.
LaTeX Font Info:    ... okay on input line 24.
LaTeX Font Info:    Checking defaults for OT1/cmr/m/n on input line 24.
LaTeX Font Info:    ... okay on input line 24.
LaTeX Font Info:    Checking defaults for OMS/cmsy/m/n on input line 24.
LaTeX Font Info:    ... okay on input line 24.
LaTeX Font Info:    Checking defaults for OMX/cmex/m/n on input line 24.
LaTeX Font Info:    ... okay on input line 24.
LaTeX Font Info:    Checking defaults for U/cmr/m/n on input line 24.
LaTeX Font Info:    ... okay on input line 24.
LaTeX Font Info:    Checking defaults for TS1/cmr/m/n on input line 24.
LaTeX Font Info:    Try loading font information for TS1+cmr on input line 24.

(/usr/share/texlive/texmf-dist/tex/latex/base/ts1cmr.fd
File: ts1cmr.fd 1999/05/25 v2.5h Standard LaTeX font definitions
)
LaTeX Font Info:    ... okay on input line 24.

*geometry* driver: auto-detecting
*geometry* detected driver: pdftex
*geometry* verbose mode - [ preamble ] result:
* driver: pdftex
* paper: custom
* layout: <same size as paper>
* layoutoffset:(h,v)=(0.0pt,0.0pt)
* modes: twoside 
* h-part:(L,W,R)=(39.83385pt, 236.15787pt, 45.52441pt)
* v-part:(T,H,B)=(51.21495pt, 421.10078pt, 25.60748pt)
* \paperwidth=321.51613pt
* \paperheight=497.92322pt
* \textwidth=236.15787pt
* \textheight=421.10078pt
* \oddsidemargin=-32.43614pt
* \evensidemargin=-26.74557pt
* \topmargin=-52.92883pt
* \headheight=12.0pt
* \headsep=4.71457pt
* \topskip=11.0pt
* \footskip=27.46295pt
* \marginparwidth=116.0pt
* \marginparsep=7.0pt
* \columnsep=10.0pt
* \skip\footins=10.0pt plus 4.0pt minus 2.0pt
* \hoffset=0.0pt
* \voffset=0.0pt
* \mag=1000
* \@twocolumnfalse
* \@twosidetrue
* \@mparswitchtrue
* \@reversemarginfalse
* (1in=72.27pt=25.4mm, 1cm=28.453pt)

(/usr/share/texlive/texmf-dist/tex/latex/ucs/ucsencs.def
File: ucsencs.def 2011/01/21 Fixes to fontencodings LGR, T3
)
(/usr/share/texlive/texmf-dist/tex/context/base/supp-pdf.mkii
[Loading MPS to PDF converter (version 2006.09.02).]
\scratchcounter=\count126
\scratchdimen=\dimen133
\scratchbox=\box28
\nofMPsegments=\count127
\nofMParguments=\count128
\everyMPshowfont=\toks28
\MPscratchCnt=\count129
\MPscratchDim=\dimen134
\MPnumerator=\count130
\makeMPintoPDFobject=\count131
\everyMPtoPDFconversion=\toks29
) (/usr/share/texlive/texmf-dist/tex/generic/oberdiek/pdftexcmds.sty
Package: pdftexcmds 2011/11/29 v0.20 Utility functions of pdfTeX for LuaTeX (HO
)
Package pdftexcmds Info: LuaTeX not detected.
Package pdftexcmds Info: \pdf@primitive is available.
Package pdftexcmds Info: \pdf@ifprimitive is available.
Package pdftexcmds Info: \pdfdraftmode found.
)
(/usr/share/texlive/texmf-dist/tex/latex/oberdiek/epstopdf-base.sty
Package: epstopdf-base 2010/02/09 v2.5 Base part for package epstopdf

(/usr/share/texlive/texmf-dist/tex/latex/oberdiek/grfext.sty
Package: grfext 2010/08/19 v1.1 Manage graphics extensions (HO)

(/usr/share/texlive/texmf-dist/tex/generic/oberdiek/kvdefinekeys.sty
Package: kvdefinekeys 2011/04/07 v1.3 Define keys (HO)
))
Package grfext Info: Graphics extension search list:
(grfext)             [.png,.pdf,.jpg,.mps,.jpeg,.jbig2,.jb2,.PNG,.PDF,.JPG,.JPE
G,.JBIG2,.JB2,.eps]
(grfext)             \AppendGraphicsExtensions on input line 452.

(/usr/share/texlive/texmf-dist/tex/latex/latexconfig/epstopdf-sys.cfg
File: epstopdf-sys.cfg 2010/07/13 v1.3 Configuration of (r)epstopdf for TeX Liv
e
))
Package crop Info: requested driver: `' on input line 24.
Package crop Info: detected driver: `pdftex' on input line 24.
Package crop Info: using `pdftex' graphics driver on input line 24.

ABD: EveryShipout initializing macros
LaTeX Info: Redefining \microtypecontext on input line 24.
Package microtype Info: Generating PDF output.
Package microtype Info: Character protrusion enabled (level 2).
Package microtype Info: Using default protrusion set `alltext'.
Package microtype Info: Automatic font expansion enabled (level 2),
(microtype)             stretch: 20, shrink: 20, step: 1, non-selected.
Package microtype Info: Using default expansion set `basictext'.
Package microtype Info: No tracking.
Package microtype Info: No adjustment of interword spacing.
Package microtype Info: No adjustment of character kerning.

(/usr/local/share/texmf/tex/latex/MinionPro/mt-MinionPro.cfg
File: mt-MinionPro.cfg 2005/02/07 v1.0 microtype config file for MinionPro
)
LaTeX Font Info:    Try loading font information for T1+MinionPro-LF on input l
ine 35.

(/usr/local/share/texmf/tex/latex/MinionPro/T1MinionPro-LF.fd
File: T1MinionPro-LF.fd 2005/01/23 v2.0 font definitions for T1/MinionPro-LF.

(/usr/local/share/texmf/tex/latex/MinionPro/MinionPro-FontDef.sty
File: MinionPro-FontDef.sty 2007/02/01 v2.2 font definition macros
))

Package microtype Warning: Unknown slot number of character
(microtype)                `\j '
(microtype)                in font encoding `T1' in inheritance list
(microtype)                `microtype.cfg/186(protrusion)'.

LaTeX Font Info:    Try loading font information for OML+MinionPro-TOsF on inpu
t line 35.
(/usr/local/share/texmf/tex/latex/MinionPro/OMLMinionPro-TOsF.fd
File: OMLMinionPro-TOsF.fd 2005/01/23 v2.0 font definitions for OML/MinionPro-T
OsF.

(/usr/local/share/texmf/tex/latex/MinionPro/MinionPro-FontDef.sty
File: MinionPro-FontDef.sty 2007/02/01 v2.2 font definition macros
))
LaTeX Font Info:    Try loading font information for T1+pcr on input line 35.

(/usr/share/texlive/texmf-dist/tex/latex/psnfss/t1pcr.fd
File: t1pcr.fd 2001/06/04 font definitions for T1/pcr.
)
LaTeX Font Info:    Font shape `T1/pcr/bx/n' in size <10.95> not available
(Font)              Font shape `T1/pcr/b/n' tried instead on input line 35.
LaTeX Font Info:    Font shape `T1/pcr/bx/n' in size <7> not available
(Font)              Font shape `T1/pcr/b/n' tried instead on input line 35.

<pecinha.pdf, id=1, 56.3708pt x 106.7187pt>
File: pecinha.pdf Graphic file (type pdf)
 <use pecinha.pdf>
Package pdftex.def Info: pecinha.pdf used on input line 35.
(pdftex.def)             Requested size: 16.16132pt x 35.14236pt.

Overfull \hbox (158.36458pt too wide) in alignment at lines 35--35
[][][]
 []

[1{/var/lib/texmf/fonts/map/pdftex/updmap/pdftex.map}


 <./pecinha.pdf>]
(/usr/share/texlive/texmf-dist/tex/latex/ucs/data/uni-0.def
File: uni-0.def 2012/04/20 UCS: Unicode data U+0000..U+00FF
)
LaTeX Font Info:    Try loading font information for TS1+pcr on input line 38.

(/usr/share/texlive/texmf-dist/tex/latex/psnfss/ts1pcr.fd
File: ts1pcr.fd 2001/06/04 font definitions for TS1/pcr.
)
LaTeX Font Info:    Font shape `TS1/pcr/bx/n' in size <7> not available
(Font)              Font shape `TS1/pcr/b/n' tried instead on input line 38.
LaTeX Font Info:    Font shape `T1/pcr/bx/n' in size <5> not available
(Font)              Font shape `T1/pcr/b/n' tried instead on input line 38.

Overfull \hbox (42.49593pt too wide) in paragraph at lines 77--77
[]  
 []

(/usr/share/texlive/texmf-dist/tex/latex/ucs/data/uni-32.def
File: uni-32.def 2012/04/20 UCS: Unicode data U+2000..U+20FF
)
Overfull \hbox (136.57323pt too wide) in paragraph at lines 77--77
[][]  
 []


Overfull \hbox (13.30402pt too wide) in paragraph at lines 77--77
[][] 
 []


Overfull \hbox (4.60585pt too wide) in paragraph at lines 79--79
[]  
 []


Overfull \hbox (240.3422pt too wide) in alignment at lines 35--81
[][][]
 []


Overfull \vbox (24.2763pt too high) has occurred while \output is active []


[2]
LaTeX Font Info:    Try loading font information for OT1+ptm on input line 85.
 (/usr/share/texlive/texmf-dist/tex/latex/psnfss/ot1ptm.fd
File: ot1ptm.fd 2001/06/04 font definitions for OT1/ptm.
)
(/usr/share/texlive/texmf-dist/tex/latex/microtype/mt-ptm.cfg
File: mt-ptm.cfg 2006/04/20 v1.7 microtype config. file: Times (RS)
)
Overfull \hbox (207.83963pt too wide) in alignment at lines 82--85
[][][]
 []

[3

]
\openout2 = `PRETAS.aux'.

 (./PRETAS.tex
LaTeX Font Info:    Font shape `OT1/MinionPro-OsF/bx/n' in size <9> not availab
le
(Font)              Font shape `OT1/MinionPro-OsF/b/n' tried instead on input l
ine 4.
 [4

]
Underfull \vbox (badness 10000) has occurred while \output is active []

 [5])
[6


] (./MARX.toc
LaTeX Font Info:    Font shape `OT1/MinionPro-OsF/bx/n' in size <10.95> not ava
ilable
(Font)              Font shape `OT1/MinionPro-OsF/b/n' tried instead on input l
ine 6.
LaTeX Font Info:    Font shape `OT1/MinionPro-OsF/bx/sc' in size <10.95> not av
ailable
(Font)              Font shape `OT1/MinionPro-OsF/b/sc' tried instead on input 
line 6.
)
\tf@toc=\write5
\openout5 = `MARX.toc'.

 [7]
\openout2 = `INTRO.aux'.

 (./INTRO.tex [8


]
LaTeX Font Info:    Calculating math sizes for size <11.5> on input line 15.
\openout4 = `MARX.ent'.


Underfull \hbox (badness 3895) in paragraph at lines 29--41
\OT1/MinionPro-OsF/m/it/11.5 nista \OT1/MinionPro-OsF/m/n/11.5 como uma autoexp
osi[][]ao do co-mu-nismo.
 []


Underfull \vbox (badness 10000) has occurred while \output is active []

 [9]
Underfull \vbox (badness 10000) has occurred while \output is active []

LaTeX Font Info:    Font shape `OT1/MinionPro-OsF/bx/n' in size <10> not availa
ble
(Font)              Font shape `OT1/MinionPro-OsF/b/n' tried instead on input l
ine 77.


Package Fancyhdr Warning: \headheight is too small (12.0pt): 
 Make it at least 13.59999pt.
 We now make it that large for the rest of the document.
 This may cause the page layout to be inconsistent, however.

[10]
Underfull \vbox (badness 10000) has occurred while \output is active []



Package Fancyhdr Warning: \headheight is too small (12.0pt): 
 Make it at least 13.59999pt.
 We now make it that large for the rest of the document.
 This may cause the page layout to be inconsistent, however.

[11]
Underfull \hbox (badness 2671) in paragraph at lines 114--121
\OT1/MinionPro-OsF/m/n/11.5 so-ci-ais e pol[]^^Pticas do mundo mo-derno, com a
 []


Underfull \hbox (badness 1565) in paragraph at lines 114--121
\OT1/MinionPro-OsF/m/n/11.5 apresenta[][]ao de uma te-o-ria do co-mu-nismo que
 []


Package Fancyhdr Warning: \headheight is too small (12.0pt): 
 Make it at least 13.59999pt.
 We now make it that large for the rest of the document.
 This may cause the page layout to be inconsistent, however.

[12]
Underfull \hbox (badness 1215) in paragraph at lines 140--159
\OT1/MinionPro-OsF/m/n/11.5 a di-fus[]ao acar-re-tou o em-po-bre-ci-mento tanto
 do
 []


Underfull \vbox (badness 10000) has occurred while \output is active []



Package Fancyhdr Warning: \headheight is too small (12.0pt): 
 Make it at least 13.59999pt.
 We now make it that large for the rest of the document.
 This may cause the page layout to be inconsistent, however.

[13]
Underfull \hbox (badness 1320) in paragraph at lines 160--168
\OT1/MinionPro-OsF/m/n/11.5 pos-te-ri-or-mente edi-tado como \OT1/MinionPro-OsF
/m/it/11.5 A ide-o-lo-gia alem[]a\OT1/MinionPro-OsF/m/n/11.5 ,
 []


Underfull \vbox (badness 10000) has occurred while \output is active []



Package Fancyhdr Warning: \headheight is too small (12.0pt): 
 Make it at least 13.59999pt.
 We now make it that large for the rest of the document.
 This may cause the page layout to be inconsistent, however.

[14]
Underfull \hbox (badness 1694) in paragraph at lines 195--209
[]\OT1/MinionPro-OsF/m/n/11.5 Esta tese, mui-tas ve-zes com-pre-en-dida li-te-r
al-
 []


Underfull \hbox (badness 2809) in paragraph at lines 195--209
[]\OT1/MinionPro-OsF/m/n/11.5 ambito do mar-xismo da Se-gunda In-ter-na-ci-o-na
l
 []


Underfull \hbox (badness 1831) in paragraph at lines 195--209
\OT1/MinionPro-OsF/m/n/11.5 descri[][]ao su-cinta da mo-der-ni-dade, transformo
u-
 []


Underfull \hbox (badness 1496) in paragraph at lines 195--209
\OT1/MinionPro-OsF/m/n/11.5 (um afir-mando ou-tro ne-gando) --- em fla-grante
 []


Underfull \vbox (badness 10000) has occurred while \output is active []



Package Fancyhdr Warning: \headheight is too small (12.0pt): 
 Make it at least 13.59999pt.
 We now make it that large for the rest of the document.
 This may cause the page layout to be inconsistent, however.

[15]
Underfull \hbox (badness 10000) in paragraph at lines 212--219
[]\OT1/MinionPro-OsF/m/n/11.5 Marx apre-senta a bur-gue-sia como su-jeito
 []


Underfull \hbox (badness 1331) in paragraph at lines 212--219
\OT1/MinionPro-OsF/m/n/11.5 hist[]orico, por meio de uma breve exposi[][]ao da
 []


Underfull \vbox (badness 4752) has occurred while \output is active []



Package Fancyhdr Warning: \headheight is too small (12.0pt): 
 Make it at least 13.59999pt.
 We now make it that large for the rest of the document.
 This may cause the page layout to be inconsistent, however.

[16]
Underfull \hbox (badness 1173) in paragraph at lines 220--243
\OT1/MinionPro-OsF/m/n/11.5 da Am[]erica e a circum--navega[][]ao da []Africa, 
le-
 []


Underfull \vbox (badness 10000) has occurred while \output is active []



Package Fancyhdr Warning: \headheight is too small (12.0pt): 
 Make it at least 13.59999pt.
 We now make it that large for the rest of the document.
 This may cause the page layout to be inconsistent, however.

[17]
Underfull \hbox (badness 1320) in paragraph at lines 253--259
\OT1/MinionPro-OsF/m/n/11.5 modifica[][]oes so-ci-ais e hist[]oricas do mundo m
o-
 []


Underfull \hbox (badness 1558) in paragraph at lines 260--267
[]\OT1/MinionPro-OsF/m/n/11.5 Diga--se de pas-sa-gem que a fa-mosa frase de
 []


Underfull \vbox (badness 10000) has occurred while \output is active []



Package Fancyhdr Warning: \headheight is too small (12.0pt): 
 Make it at least 13.59999pt.
 We now make it that large for the rest of the document.
 This may cause the page layout to be inconsistent, however.

[18]
Underfull \vbox (badness 4752) has occurred while \output is active []



Package Fancyhdr Warning: \headheight is too small (12.0pt): 
 Make it at least 13.59999pt.
 We now make it that large for the rest of the document.
 This may cause the page layout to be inconsistent, however.

[19]
Underfull \vbox (badness 10000) has occurred while \output is active []



Package Fancyhdr Warning: \headheight is too small (12.0pt): 
 Make it at least 13.59999pt.
 We now make it that large for the rest of the document.
 This may cause the page layout to be inconsistent, however.

[20]
Underfull \hbox (badness 2495) in paragraph at lines 319--325
\OT1/MinionPro-OsF/m/n/11.5 inau-dita mercantiliza[][]ao e reifica[][]ao de tod
o o
 []


Underfull \hbox (badness 1436) in paragraph at lines 319--325
\OT1/MinionPro-OsF/m/n/11.5 dom[]^^Pnio so-cial, atin-gindo in-clu-sive o []ama
go da
 []


Underfull \vbox (badness 10000) has occurred while \output is active []



Package Fancyhdr Warning: \headheight is too small (12.0pt): 
 Make it at least 13.59999pt.
 We now make it that large for the rest of the document.
 This may cause the page layout to be inconsistent, however.

[21]
Underfull \vbox (badness 10000) has occurred while \output is active []



Package Fancyhdr Warning: \headheight is too small (12.0pt): 
 Make it at least 13.59999pt.
 We now make it that large for the rest of the document.
 This may cause the page layout to be inconsistent, however.

[22]
Underfull \hbox (badness 2717) in paragraph at lines 381--393
\OT1/MinionPro-OsF/m/n/11.5 desse pro-cesso hist[]orico ---, passa a ser con-ce
-
 []


Underfull \hbox (badness 10000) in paragraph at lines 394--406
[]\OT1/MinionPro-OsF/m/n/11.5 A \ex-pans[]ao ex-ten-siva", hoje de-no-mi-nada
 []


Underfull \hbox (badness 1533) in paragraph at lines 394--406
\OT1/MinionPro-OsF/m/n/11.5 concentra[][]ao in-dus-trial (na pri-meira me-tade 
do
 []


Underfull \hbox (badness 2790) in paragraph at lines 394--406
\OT1/MinionPro-OsF/m/n/11.5 de con-glo-me-ra-dos e o sub-se-quente pre-dom[]^^P
nio
 []


Underfull \hbox (badness 3895) in paragraph at lines 394--406
\OT1/MinionPro-OsF/m/n/11.5 de gi-gan-tes-cas em-pre-sas trans-na-ci-o-nais) qu
anto
 []


Underfull \hbox (badness 1082) in paragraph at lines 394--406
[]\OT1/MinionPro-OsF/m/n/11.5 epoca do \OT1/MinionPro-OsF/m/it/11.5 Ma-ni-festo
\OT1/MinionPro-OsF/m/n/11.5 , o rec[]em--implantado Es-tado
 []


Underfull \vbox (badness 10000) has occurred while \output is active []



Package Fancyhdr Warning: \headheight is too small (12.0pt): 
 Make it at least 13.59999pt.
 We now make it that large for the rest of the document.
 This may cause the page layout to be inconsistent, however.

[23]
Underfull \hbox (badness 3525) in paragraph at lines 419--428
[]\OT1/MinionPro-OsF/m/n/11.5 Se pa-rece evi-dente que o termo \con-quista
 []


Underfull \hbox (badness 4647) in paragraph at lines 419--428
\OT1/MinionPro-OsF/m/n/11.5 de no-vos mer-ca-dos" cor-res-ponde ao mo-mento
 []


Underfull \hbox (badness 2512) in paragraph at lines 419--428
\OT1/MinionPro-OsF/m/n/11.5 (que abrange desde a tec-no-lo-gia em-pre-gada na
 []


Underfull \vbox (badness 10000) has occurred while \output is active []



Package Fancyhdr Warning: \headheight is too small (12.0pt): 
 Make it at least 13.59999pt.
 We now make it that large for the rest of the document.
 This may cause the page layout to be inconsistent, however.

[24]
Underfull \hbox (badness 1776) in paragraph at lines 442--450
\OT1/MinionPro-OsF/m/n/11.5 assemelha--se ao \fei-ti-ceiro que j[]a n[]ao con-s
e-gue
 []


Underfull \vbox (badness 4752) has occurred while \output is active []



Package Fancyhdr Warning: \headheight is too small (12.0pt): 
 Make it at least 13.59999pt.
 We now make it that large for the rest of the document.
 This may cause the page layout to be inconsistent, however.

[25]
Underfull \vbox (badness 10000) has occurred while \output is active []



Package Fancyhdr Warning: \headheight is too small (12.0pt): 
 Make it at least 13.59999pt.
 We now make it that large for the rest of the document.
 This may cause the page layout to be inconsistent, however.

[26]
Underfull \vbox (badness 10000) has occurred while \output is active []



Package Fancyhdr Warning: \headheight is too small (12.0pt): 
 Make it at least 13.59999pt.
 We now make it that large for the rest of the document.
 This may cause the page layout to be inconsistent, however.

[27]
Underfull \hbox (badness 1331) in paragraph at lines 508--515
\OT1/MinionPro-OsF/m/n/11.5 cria um in-ces-sante con-tin-gente de \em-preg[]ave
is"
 []


Underfull \vbox (badness 10000) has occurred while \output is active []



Package Fancyhdr Warning: \headheight is too small (12.0pt): 
 Make it at least 13.59999pt.
 We now make it that large for the rest of the document.
 This may cause the page layout to be inconsistent, however.

[28]
Underfull \hbox (badness 1107) in paragraph at lines 548--565
\OT1/MinionPro-OsF/m/n/11.5 na-ci-o-nal nos mol-des de um agru-pa-mento ple-na-

 []


Underfull \hbox (badness 1360) in paragraph at lines 548--565
[]\OT1/MinionPro-OsF/m/n/11.5 a homogeneiza[][]ao do pro-le-ta-ri-ado, re-sul-t
ado da
 []


Underfull \hbox (badness 2495) in paragraph at lines 548--565
\OT1/MinionPro-OsF/m/n/11.5 ta-ri-ado (de-si-gual-dade essa que muito di-fi-cul
-tou
 []


Underfull \hbox (badness 3579) in paragraph at lines 548--565
\OT1/MinionPro-OsF/m/n/11.5 for-mas de organiza[][]ao que cons-ti-tuem pro-pri-
a-
 []


Underfull \vbox (badness 10000) has occurred while \output is active []



Package Fancyhdr Warning: \headheight is too small (12.0pt): 
 Make it at least 13.59999pt.
 We now make it that large for the rest of the document.
 This may cause the page layout to be inconsistent, however.

[29]
Underfull \hbox (badness 1430) in paragraph at lines 573--580
[]\OT1/MinionPro-OsF/m/n/11.5 Esse en-ga-ja-mento da classe oper[]aria em um
 []


Underfull \vbox (badness 10000) has occurred while \output is active []



Package Fancyhdr Warning: \headheight is too small (12.0pt): 
 Make it at least 13.59999pt.
 We now make it that large for the rest of the document.
 This may cause the page layout to be inconsistent, however.

[30]
Overfull \hbox (18.9236pt too wide) in paragraph at lines 590--598
[]\OT1/MinionPro-OsF/m/n/11.5 Todos es-ses fa-to-res s[]ao, en-tre-tanto, contr
abalan[]ados
 []


Underfull \hbox (badness 10000) in paragraph at lines 590--598
\OT1/MinionPro-OsF/m/n/11.5 pe-los obst[]aculos cris-ta-li-za-dos na reifica[][
]ao e
 []


Underfull \hbox (badness 6477) in paragraph at lines 590--598
\OT1/MinionPro-OsF/m/n/11.5 pela con-corr[]encia en-tre os tra-ba-lha-do-res. A

 []


Overfull \hbox (4.28764pt too wide) in paragraph at lines 590--598
\OT1/MinionPro-OsF/m/n/11.5 generaliza[][]ao da forma--mercadoria, aquela din[]
amica
 []


Underfull \hbox (badness 1242) in paragraph at lines 590--598
\OT1/MinionPro-OsF/m/n/11.5 que cha-ma-mos de \ex-pans[]ao in-ten-siva", di-fi-
culta
 []


Underfull \hbox (badness 1082) in paragraph at lines 590--598
\OT1/MinionPro-OsF/m/n/11.5 vez que a reifica[][]ao, ori-gi-na-ri-a-mente atu-a
nte no
 []


Package Fancyhdr Warning: \headheight is too small (12.0pt): 
 Make it at least 13.59999pt.
 We now make it that large for the rest of the document.
 This may cause the page layout to be inconsistent, however.

[31] (./MARX.ent)

Package Fancyhdr Warning: \headheight is too small (12.0pt): 
 Make it at least 13.59999pt.
 We now make it that large for the rest of the document.
 This may cause the page layout to be inconsistent, however.

[32

]
LaTeX Font Info:    Try loading font information for TS1+MinionPro-OsF on input
 line 608.
 (/usr/local/share/texmf/tex/latex/MinionPro/TS1MinionPro-OsF.fd
File: TS1MinionPro-OsF.fd 2005/01/23 v2.0 font definitions for TS1/MinionPro-Os
F.

(/usr/local/share/texmf/tex/latex/MinionPro/MinionPro-FontDef.sty
File: MinionPro-FontDef.sty 2007/02/01 v2.2 font definition macros
)))

Package Fancyhdr Warning: \headheight is too small (12.0pt): 
 Make it at least 13.59999pt.
 We now make it that large for the rest of the document.
 This may cause the page layout to be inconsistent, however.

[33

] [34


] [35] [36]
\openout2 = `TEXTO.aux'.

 (./TEXTO.tex
Underfull \hbox (badness 1242) in paragraph at lines 26--53
\OT1/MinionPro-OsF/m/n/11.5 nos []ultimos 25 anos, os princ[]^^Ppios ge-rais de
-sen-
 []


Underfull \hbox (badness 1946) in paragraph at lines 26--53
\OT1/MinionPro-OsF/m/n/11.5 vol-vi-dos neste \OT1/MinionPro-OsF/m/it/11.5 Ma-ni
-festo \OT1/MinionPro-OsF/m/n/11.5 con-ser-vam, ainda hoje,
 []


Underfull \vbox (badness 10000) has occurred while \output is active []



Package Fancyhdr Warning: \headheight is too small (12.0pt): 
 Make it at least 13.59999pt.
 We now make it that large for the rest of the document.
 This may cause the page layout to be inconsistent, however.

[37


]
Underfull \vbox (badness 10000) has occurred while \output is active []



Package Fancyhdr Warning: \headheight is too small (12.0pt): 
 Make it at least 13.59999pt.
 We now make it that large for the rest of the document.
 This may cause the page layout to be inconsistent, however.

[38]
Underfull \hbox (badness 10000) in paragraph at lines 54--60
[]\OT1/MinionPro-OsF/m/n/11.5 Entretanto, o \OT1/MinionPro-OsF/m/it/11.5 Ma-ni-
festo []\OT1/MinionPro-OsF/m/n/11.5 e um do-cu-mento
 []


Underfull \hbox (badness 1005) in paragraph at lines 54--60
\OT1/MinionPro-OsF/m/n/11.5 de mo-di-fi-car. Tal-vez apare[]a uma edi[][]ao pos
-te-
 []


Underfull \hbox (badness 1147) in paragraph at lines 54--60
\OT1/MinionPro-OsF/m/n/11.5 reim-press[]ao pegou--nos de-ma-si-ado des-pre-ve-n
i-dos
 []


Package Fancyhdr Warning: \headheight is too small (12.0pt): 
 Make it at least 13.59999pt.
 We now make it that large for the rest of the document.
 This may cause the page layout to be inconsistent, however.

[39] [40

]
\openout4 = `MARX.ent'.


Underfull \hbox (badness 2418) in paragraph at lines 75--100
[]\OT1/MinionPro-OsF/m/n/11.5 O pen-sa-mento fun-da-men-tal que atra-vessa o
 []


Underfull \hbox (badness 1005) in paragraph at lines 75--100
\OT1/MinionPro-OsF/m/n/11.5 ex-plo-rada e opri-mida (o pro-le-ta-ri-ado) n[]ao 
pode
 []


Underfull \vbox (badness 10000) has occurred while \output is active []



Package Fancyhdr Warning: \headheight is too small (12.0pt): 
 Make it at least 13.59999pt.
 We now make it that large for the rest of the document.
 This may cause the page layout to be inconsistent, however.

[41]
Underfull \hbox (badness 1231) in paragraph at lines 101--104
[]\OT1/MinionPro-OsF/m/n/11.5 Eu j[]a o de-cla-rei fre-quen-tes ve-zes; mas jus
-ta-
 []


Package Fancyhdr Warning: \headheight is too small (12.0pt): 
 Make it at least 13.59999pt.
 We now make it that large for the rest of the document.
 This may cause the page layout to be inconsistent, however.

[42]
Underfull \vbox (badness 10000) has occurred while \output is active []



Package Fancyhdr Warning: \headheight is too small (12.0pt): 
 Make it at least 13.59999pt.
 We now make it that large for the rest of the document.
 This may cause the page layout to be inconsistent, however.

[43

]
Underfull \vbox (badness 10000) has occurred while \output is active []



Package Fancyhdr Warning: \headheight is too small (12.0pt): 
 Make it at least 13.59999pt.
 We now make it that large for the rest of the document.
 This may cause the page layout to be inconsistent, however.

[44]
Underfull \hbox (badness 4441) in paragraph at lines 191--193
[]\OT1/MinionPro-OsF/m/n/11.5 Uma nova tradu[][]ao po-lo-nesa apa-re-ceu por
 []


Underfull \vbox (badness 10000) has occurred while \output is active []



Package Fancyhdr Warning: \headheight is too small (12.0pt): 
 Make it at least 13.59999pt.
 We now make it that large for the rest of the document.
 This may cause the page layout to be inconsistent, however.

[45]
LaTeX Font Info:    Font shape `OT1/MinionPro-OsF/bx/n' in size <11.5> not avai
lable
(Font)              Font shape `OT1/MinionPro-OsF/b/n' tried instead on input l
ine 219.

Underfull \vbox (badness 10000) has occurred while \output is active []



Package Fancyhdr Warning: \headheight is too small (12.0pt): 
 Make it at least 13.59999pt.
 We now make it that large for the rest of the document.
 This may cause the page layout to be inconsistent, however.

[46]
Underfull \vbox (badness 10000) has occurred while \output is active []



Package Fancyhdr Warning: \headheight is too small (12.0pt): 
 Make it at least 13.59999pt.
 We now make it that large for the rest of the document.
 This may cause the page layout to be inconsistent, however.

[47]
Underfull \hbox (badness 2277) in paragraph at lines 279--305
\OT1/MinionPro-OsF/m/n/11.5 der[]^^Pamos t[]e--lo de-no-mi-nado ma-ni-festo so-
ci-a-lista.
 []


Underfull \vbox (badness 10000) has occurred while \output is active []



Package Fancyhdr Warning: \headheight is too small (12.0pt): 
 Make it at least 13.59999pt.
 We now make it that large for the rest of the document.
 This may cause the page layout to be inconsistent, however.

[48]
Underfull \hbox (badness 1221) in paragraph at lines 306--324
\OT1/MinionPro-OsF/m/n/11.5 mada j[]a em 1866 pelo Con-gresso da In-ter-na-ci-o
-
 []


Underfull \vbox (badness 10000) has occurred while \output is active []



Package Fancyhdr Warning: \headheight is too small (12.0pt): 
 Make it at least 13.59999pt.
 We now make it that large for the rest of the document.
 This may cause the page layout to be inconsistent, however.

[49]

Package Fancyhdr Warning: \headheight is too small (12.0pt): 
 Make it at least 13.59999pt.
 We now make it that large for the rest of the document.
 This may cause the page layout to be inconsistent, however.

[50]
Underfull \hbox (badness 2384) in paragraph at lines 345--350
\OT1/MinionPro-OsF/m/n/11.5 nha sido di-fa-mado como co-mu-nista pe-los seus
 []


Underfull \hbox (badness 2134) in paragraph at lines 345--350
\OT1/MinionPro-OsF/m/n/11.5 ad-vers[]arios go-ver-nis-tas, onde est[]a o par-ti
do de
 []


Underfull \hbox (badness 2884) in paragraph at lines 353--355
[]\OT1/MinionPro-OsF/m/n/11.5 O co-mu-nismo j[]a []e re-co-nhe-cido como uma
 []


Underfull \hbox (badness 1590) in paragraph at lines 375--379
[]\OT1/MinionPro-OsF/m/n/11.5 Com esse ob-je-tivo, reuniram--se em Lon-dres
 []


Underfull \hbox (badness 4647) in paragraph at lines 375--379
\OT1/MinionPro-OsF/m/n/11.5 co-mu-nis-tas das mais di-ver-sas na-ci-o-na-li-da-
des e
 []


Underfull \vbox (badness 10000) has occurred while \output is active []



Package Fancyhdr Warning: \headheight is too small (12.0pt): 
 Make it at least 13.59999pt.
 We now make it that large for the rest of the document.
 This may cause the page layout to be inconsistent, however.

[51

]

Package Fancyhdr Warning: \headheight is too small (12.0pt): 
 Make it at least 13.59999pt.
 We now make it that large for the rest of the document.
 This may cause the page layout to be inconsistent, however.

[52]
Underfull \hbox (badness 3919) in paragraph at lines 462--476
[]\OT1/MinionPro-OsF/m/n/11.5 O fun-ci-o-na-mento feu-dal ou cor-po-ra-tivo da
 []


Underfull \hbox (badness 3098) in paragraph at lines 477--483
\OT1/MinionPro-OsF/m/n/11.5 ti-nu-ava a au-men-tar a ne-ces-si-dade de pro-du-t
os.
 []


Underfull \vbox (badness 10000) has occurred while \output is active []



Package Fancyhdr Warning: \headheight is too small (12.0pt): 
 Make it at least 13.59999pt.
 We now make it that large for the rest of the document.
 This may cause the page layout to be inconsistent, however.

[53]
Underfull \hbox (badness 1281) in paragraph at lines 498--515
[]\OT1/MinionPro-OsF/m/n/11.5 Cada uma des-sas eta-pas de de-sen-vol-vi-mento
 []


Underfull \hbox (badness 1152) in paragraph at lines 498--515
\OT1/MinionPro-OsF/m/n/11.5 es-ta-men-tal ou ab-so-luta; base prin-ci-pal das g
ran-
 []


Underfull \hbox (badness 1028) in paragraph at lines 498--515
\OT1/MinionPro-OsF/m/n/11.5 grande ind[]ustria e do mer-cado mun-dial no mo-
 []


Underfull \hbox (badness 1314) in paragraph at lines 498--515
\OT1/MinionPro-OsF/m/n/11.5 derno Es-tado re-pre-sen-ta-tivo, o dom[]^^Pnio pol
[]^^Ptico
 []


Underfull \vbox (badness 10000) has occurred while \output is active []



Package Fancyhdr Warning: \headheight is too small (12.0pt): 
 Make it at least 13.59999pt.
 We now make it that large for the rest of the document.
 This may cause the page layout to be inconsistent, however.

[54]
Underfull \vbox (badness 10000) has occurred while \output is active []



Package Fancyhdr Warning: \headheight is too small (12.0pt): 
 Make it at least 13.59999pt.
 We now make it that large for the rest of the document.
 This may cause the page layout to be inconsistent, however.

[55]
Underfull \hbox (badness 1527) in paragraph at lines 549--582
[]\OT1/MinionPro-OsF/m/n/11.5 A bur-gue-sia n[]ao pode exis-tir sem re-vo-lu-ci
-o-
 []


Underfull \hbox (badness 2401) in paragraph at lines 549--582
\OT1/MinionPro-OsF/m/n/11.5 inal-te-rada do ve-lho modo de produ[][]ao foi, ao
 []


Underfull \hbox (badness 1824) in paragraph at lines 549--582
\OT1/MinionPro-OsF/m/n/11.5 contr[]ario, a condi[][]ao pri-meira de exist[]enci
a de
 []


Underfull \vbox (badness 10000) has occurred while \output is active []



Package Fancyhdr Warning: \headheight is too small (12.0pt): 
 Make it at least 13.59999pt.
 We now make it that large for the rest of the document.
 This may cause the page layout to be inconsistent, however.

[56]
Underfull \hbox (badness 4569) in paragraph at lines 588--619
[]\OT1/MinionPro-OsF/m/n/11.5 Por meio da explora[][]ao do mer-cado mun-
 []


Underfull \hbox (badness 1014) in paragraph at lines 588--619
\OT1/MinionPro-OsF/m/n/11.5 lo-cais e na-ci-o-nais, surge um in-terc[]ambio em 
to-
 []


Underfull \vbox (badness 10000) has occurred while \output is active []



Package Fancyhdr Warning: \headheight is too small (12.0pt): 
 Make it at least 13.59999pt.
 We now make it that large for the rest of the document.
 This may cause the page layout to be inconsistent, however.

[57]
Underfull \hbox (badness 8132) in paragraph at lines 620--631
[]\OT1/MinionPro-OsF/m/n/11.5 Mediante o r[]apido aperfei[]oamento de to-
 []


Underfull \hbox (badness 2050) in paragraph at lines 653--662
[]\OT1/MinionPro-OsF/m/n/11.5 A bur-gue-sia vem abo-lindo cada vez mais a
 []


Underfull \hbox (badness 1077) in paragraph at lines 653--662
\OT1/MinionPro-OsF/m/n/11.5 centraliza[][]ao pol[]^^Ptica. Prov[]^^Pncias in-de
-pen-den-tes,
 []


Underfull \hbox (badness 1005) in paragraph at lines 653--662
\OT1/MinionPro-OsF/m/n/11.5 in-te-resse na-ci-o-nal de classe, \OT1/MinionPro-O
sF/m/it/11.5 uma \OT1/MinionPro-OsF/m/n/11.5 fron-teira adu-a-
 []


Underfull \vbox (badness 10000) has occurred while \output is active []



Package Fancyhdr Warning: \headheight is too small (12.0pt): 
 Make it at least 13.59999pt.
 We now make it that large for the rest of the document.
 This may cause the page layout to be inconsistent, however.

[58]
Underfull \hbox (badness 2726) in paragraph at lines 663--672
\OT1/MinionPro-OsF/m/n/11.5 s[]eculo, a bur-gue-sia criou for[]as pro-du-ti-vas
 em
 []


Underfull \hbox (badness 1558) in paragraph at lines 663--672
\OT1/MinionPro-OsF/m/n/11.5 massa, mais co-los-sais do que to-das as gera[][]oe
s
 []


Underfull \vbox (badness 10000) has occurred while \output is active []



Package Fancyhdr Warning: \headheight is too small (12.0pt): 
 Make it at least 13.59999pt.
 We now make it that large for the rest of the document.
 This may cause the page layout to be inconsistent, however.

[59]
Underfull \vbox (badness 10000) has occurred while \output is active []



Package Fancyhdr Warning: \headheight is too small (12.0pt): 
 Make it at least 13.59999pt.
 We now make it that large for the rest of the document.
 This may cause the page layout to be inconsistent, however.

[60]
Underfull \vbox (badness 10000) has occurred while \output is active []



Package Fancyhdr Warning: \headheight is too small (12.0pt): 
 Make it at least 13.59999pt.
 We now make it that large for the rest of the document.
 This may cause the page layout to be inconsistent, however.

[61]
Underfull \hbox (badness 2913) in paragraph at lines 736--752
[]\OT1/MinionPro-OsF/m/n/11.5 O tra-ba-lho dos pro-let[]arios per-deu, pela ex-

 []


Underfull \vbox (badness 10000) has occurred while \output is active []



Package Fancyhdr Warning: \headheight is too small (12.0pt): 
 Make it at least 13.59999pt.
 We now make it that large for the rest of the document.
 This may cause the page layout to be inconsistent, however.

[62]
Underfull \vbox (badness 10000) has occurred while \output is active []



Package Fancyhdr Warning: \headheight is too small (12.0pt): 
 Make it at least 13.59999pt.
 We now make it that large for the rest of the document.
 This may cause the page layout to be inconsistent, however.

[63]
Underfull \hbox (badness 4582) in paragraph at lines 787--789
[]\OT1/MinionPro-OsF/m/n/11.5 O pro-le-ta-ri-ado atra-vessa di-ver-sas eta-pas 
de
 []


Overfull \hbox (1.83873pt too wide) in paragraph at lines 799--810
\OT1/MinionPro-OsF/m/n/11.5 ainda n[]ao []e a con-sequ[]encia de sua pr[]opria 
associa[][]ao,
 []


Underfull \vbox (badness 10000) has occurred while \output is active []



Package Fancyhdr Warning: \headheight is too small (12.0pt): 
 Make it at least 13.59999pt.
 We now make it that large for the rest of the document.
 This may cause the page layout to be inconsistent, however.

[64]
Underfull \hbox (badness 1215) in paragraph at lines 811--828
\OT1/MinionPro-OsF/m/n/11.5 as situa[][]oes de vida no in-te-rior do pro-le-ta-
ri-ado
 []


Underfull \vbox (badness 10000) has occurred while \output is active []



Package Fancyhdr Warning: \headheight is too small (12.0pt): 
 Make it at least 13.59999pt.
 We now make it that large for the rest of the document.
 This may cause the page layout to be inconsistent, however.

[65]
Underfull \hbox (badness 5302) in paragraph at lines 841--848
[]\OT1/MinionPro-OsF/m/n/11.5 Essa organiza[][]ao dos pro-let[]arios em classe
 []


Underfull \hbox (badness 1571) in paragraph at lines 841--848
\OT1/MinionPro-OsF/m/n/11.5 e, com isso, em par-tido pol[]^^Ptico, []e a todo m
o-
 []


Underfull \vbox (badness 10000) has occurred while \output is active []



Package Fancyhdr Warning: \headheight is too small (12.0pt): 
 Make it at least 13.59999pt.
 We now make it that large for the rest of the document.
 This may cause the page layout to be inconsistent, however.

[66]
Underfull \vbox (badness 10000) has occurred while \output is active []



Package Fancyhdr Warning: \headheight is too small (12.0pt): 
 Make it at least 13.59999pt.
 We now make it that large for the rest of the document.
 This may cause the page layout to be inconsistent, however.

[67]
Underfull \vbox (badness 10000) has occurred while \output is active []



Package Fancyhdr Warning: \headheight is too small (12.0pt): 
 Make it at least 13.59999pt.
 We now make it that large for the rest of the document.
 This may cause the page layout to be inconsistent, however.

[68]
Underfull \vbox (badness 10000) has occurred while \output is active []



Package Fancyhdr Warning: \headheight is too small (12.0pt): 
 Make it at least 13.59999pt.
 We now make it that large for the rest of the document.
 This may cause the page layout to be inconsistent, however.

[69]
Underfull \hbox (badness 2384) in paragraph at lines 967--979
\OT1/MinionPro-OsF/m/n/11.5 da ri-queza em m[]aos pri-va-das, a forma[][]ao e a

 []


Underfull \hbox (badness 2426) in paragraph at lines 967--979
\OT1/MinionPro-OsF/m/n/11.5 multiplica[][]ao do ca-pi-tal; a condi[][]ao do ca-
pi-tal
 []


Underfull \vbox (badness 10000) has occurred while \output is active []



Package Fancyhdr Warning: \headheight is too small (12.0pt): 
 Make it at least 13.59999pt.
 We now make it that large for the rest of the document.
 This may cause the page layout to be inconsistent, however.

[70]
Underfull \vbox (badness 4752) has occurred while \output is active []



Package Fancyhdr Warning: \headheight is too small (12.0pt): 
 Make it at least 13.59999pt.
 We now make it that large for the rest of the document.
 This may cause the page layout to be inconsistent, however.

[71]
Underfull \hbox (badness 1292) in paragraph at lines 1007--1010
\OT1/MinionPro-OsF/m/n/11.5 mesmo de to-dos os de-mais par-ti-dos pro-let[]ario
s:
 []


Underfull \vbox (badness 10000) has occurred while \output is active []



Package Fancyhdr Warning: \headheight is too small (12.0pt): 
 Make it at least 13.59999pt.
 We now make it that large for the rest of the document.
 This may cause the page layout to be inconsistent, however.

[72]
Underfull \hbox (badness 1275) in paragraph at lines 1049--1056
\OT1/MinionPro-OsF/m/n/11.5 Em sua forma atual, a pro-pri-e-dade move--se no
 []


Underfull \hbox (badness 1014) in paragraph at lines 1049--1056
\OT1/MinionPro-OsF/m/n/11.5 in-te-rior do an-ta-go-nismo en-tre ca-pi-tal e tra
-ba-lho
 []


Underfull \vbox (badness 10000) has occurred while \output is active []



Package Fancyhdr Warning: \headheight is too small (12.0pt): 
 Make it at least 13.59999pt.
 We now make it that large for the rest of the document.
 This may cause the page layout to be inconsistent, however.

[73]
Underfull \hbox (badness 4024) in paragraph at lines 1057--1062
[]\OT1/MinionPro-OsF/m/n/11.5 Ser ca-pi-ta-lista sig-ni-fica as-su-mir n[]ao ap
e-nas
 []


Underfull \hbox (badness 2057) in paragraph at lines 1073--1084
[]\OT1/MinionPro-OsF/m/n/11.5 O pre[]o m[]edio do tra-ba-lho as-sa-la-ri-ado []
e o
 []


Underfull \vbox (badness 10000) has occurred while \output is active []



Package Fancyhdr Warning: \headheight is too small (12.0pt): 
 Make it at least 13.59999pt.
 We now make it that large for the rest of the document.
 This may cause the page layout to be inconsistent, however.

[74]
Underfull \vbox (badness 10000) has occurred while \output is active []



Package Fancyhdr Warning: \headheight is too small (12.0pt): 
 Make it at least 13.59999pt.
 We now make it that large for the rest of the document.
 This may cause the page layout to be inconsistent, however.

[75]
Underfull \hbox (badness 1077) in paragraph at lines 1109--1116
\OT1/MinionPro-OsF/m/n/11.5 su-pri-mir uma pro-pri-e-dade que pres-sup[]oe, com
o
 []


Underfull \hbox (badness 1377) in paragraph at lines 1120--1125
\OT1/MinionPro-OsF/m/n/11.5 possa mais ser trans-for-mado em ca-pi-tal, em di-
 []


Underfull \hbox (badness 1152) in paragraph at lines 1120--1125
\OT1/MinionPro-OsF/m/n/11.5 nheiro, em renda fundi[]aria, em suma, em uma
 []


Underfull \vbox (badness 10000) has occurred while \output is active []



Package Fancyhdr Warning: \headheight is too small (12.0pt): 
 Make it at least 13.59999pt.
 We now make it that large for the rest of the document.
 This may cause the page layout to be inconsistent, however.

[76]
Underfull \hbox (badness 4582) in paragraph at lines 1143--1150
\OT1/MinionPro-OsF/m/n/11.5 du-tos ma-te-ri-ais fo-ram igual-mente es-ten-di-da
s []a
 []


Underfull \hbox (badness 1490) in paragraph at lines 1143--1150
\OT1/MinionPro-OsF/m/n/11.5 ces-sa-mento da pro-pri-e-dade de classe sig-ni-fic
a o
 []


Underfull \hbox (badness 1558) in paragraph at lines 1154--1161
[]\OT1/MinionPro-OsF/m/n/11.5 Mas n[]ao ve-nham dis-cu-tir co-nosco en-quanto
 []


Underfull \vbox (badness 10000) has occurred while \output is active []



Package Fancyhdr Warning: \headheight is too small (12.0pt): 
 Make it at least 13.59999pt.
 We now make it that large for the rest of the document.
 This may cause the page layout to be inconsistent, however.

[77]
Overfull \hbox (6.99498pt too wide) in paragraph at lines 1182--1184
[]\OT1/MinionPro-OsF/m/n/11.5 Voc[]es censuram--nos que-rer su-pri-mir a explor
a[][]ao
 []


Underfull \vbox (badness 10000) has occurred while \output is active []



Package Fancyhdr Warning: \headheight is too small (12.0pt): 
 Make it at least 13.59999pt.
 We now make it that large for the rest of the document.
 This may cause the page layout to be inconsistent, however.

[78]
Underfull \vbox (badness 10000) has occurred while \output is active []



Package Fancyhdr Warning: \headheight is too small (12.0pt): 
 Make it at least 13.59999pt.
 We now make it that large for the rest of the document.
 This may cause the page layout to be inconsistent, however.

[79]
Underfull \hbox (badness 1253) in paragraph at lines 1242--1246
\OT1/MinionPro-OsF/m/n/11.5 o de-sen-vol-vi-mento da bur-gue-sia, a li-ber-dade
 de
 []


Underfull \vbox (badness 10000) has occurred while \output is active []



Package Fancyhdr Warning: \headheight is too small (12.0pt): 
 Make it at least 13.59999pt.
 We now make it that large for the rest of the document.
 This may cause the page layout to be inconsistent, however.

[80]
Underfull \hbox (badness 1609) in paragraph at lines 1261--1266
\OT1/MinionPro-OsF/m/n/11.5 exist[]encia so-cial, tamb[]em se mo-di-fi-cam as s
uas
 []


Underfull \hbox (badness 1259) in paragraph at lines 1272--1277
\OT1/MinionPro-OsF/m/n/11.5 das ve-lhas ideias ca-mi-nha passo a passo com a
 []


Underfull \vbox (badness 10000) has occurred while \output is active []



Package Fancyhdr Warning: \headheight is too small (12.0pt): 
 Make it at least 13.59999pt.
 We now make it that large for the rest of the document.
 This may cause the page layout to be inconsistent, however.

[81]
Underfull \hbox (badness 1924) in paragraph at lines 1285--1289
[]\OT1/MinionPro-OsF/m/n/11.5 \Mas", dir--se--[]a, \ideias re-li-gi-o-sas, mo-r
ais, fi-
 []


Underfull \hbox (badness 1342) in paragraph at lines 1285--1289
\OT1/MinionPro-OsF/m/n/11.5 A re-ligi[]ao, a mo-ral, a fi-lo-so-fia, a pol[]^^P
tica, o di-
 []


Underfull \hbox (badness 1466) in paragraph at lines 1285--1289
\OT1/MinionPro-OsF/m/n/11.5 reito sem-pre se pre-ser-va-ram no de-cor-rer des-s
as
 []


Underfull \hbox (badness 1062) in paragraph at lines 1300--1307
\OT1/MinionPro-OsF/m/n/11.5 o de-sa-pa-re-ci-mento com-pleto do an-ta-go-nismo 
de
 []


Underfull \vbox (badness 10000) has occurred while \output is active []



Package Fancyhdr Warning: \headheight is too small (12.0pt): 
 Make it at least 13.59999pt.
 We now make it that large for the rest of the document.
 This may cause the page layout to be inconsistent, however.

[82]
Underfull \hbox (badness 6493) in paragraph at lines 1315--1318
[]\OT1/MinionPro-OsF/m/n/11.5 J[]a vi-mos acima que o pri-meiro passo na
 []


Underfull \vbox (badness 10000) has occurred while \output is active []



Package Fancyhdr Warning: \headheight is too small (12.0pt): 
 Make it at least 13.59999pt.
 We now make it that large for the rest of the document.
 This may cause the page layout to be inconsistent, however.

[83]
Underfull \hbox (badness 7203) in paragraph at lines 1339--1341
[]\OT1/MinionPro-OsF/m/n/11.5 Expropria[][]ao da pro-pri-e-dade fundi[]aria e
 []


Underfull \hbox (badness 1337) in paragraph at lines 1339--1341
\OT1/MinionPro-OsF/m/n/11.5 em-prego da renda fundi[]aria para des-pe-sas
 []


Underfull \hbox (badness 10000) in paragraph at lines 1357--1359
[]\OT1/MinionPro-OsF/m/n/11.5 Obrigatoriedade de tra-ba-lho para to-dos;
 []


Package Fancyhdr Warning: \headheight is too small (12.0pt): 
 Make it at least 13.59999pt.
 We now make it that large for the rest of the document.
 This may cause the page layout to be inconsistent, however.

[84]
Underfull \hbox (badness 1297) in paragraph at lines 1360--1362
[]\OT1/MinionPro-OsF/m/n/11.5 Unifica[][]ao dos se-to-res da agri-cul-tura e da

 []


Underfull \hbox (badness 1688) in paragraph at lines 1363--1366
[]\OT1/MinionPro-OsF/m/n/11.5 Educa[][]ao p[]ublica e gra-tuita para to-das as
 []


Package Fancyhdr Warning: \headheight is too small (12.0pt): 
 Make it at least 13.59999pt.
 We now make it that large for the rest of the document.
 This may cause the page layout to be inconsistent, however.

[85]
Underfull \hbox (badness 1048) in paragraph at lines 1391--1407
\OT1/MinionPro-OsF/m/n/11.5 sua posi[][]ao hist[]orica, as aris-to-cra-cias fra
n-cesa e
 []


Package Fancyhdr Warning: \headheight is too small (12.0pt): 
 Make it at least 13.59999pt.
 We now make it that large for the rest of the document.
 This may cause the page layout to be inconsistent, however.

[86]
Underfull \vbox (badness 10000) has occurred while \output is active []



Package Fancyhdr Warning: \headheight is too small (12.0pt): 
 Make it at least 13.59999pt.
 We now make it that large for the rest of the document.
 This may cause the page layout to be inconsistent, however.

[87]

Package Fancyhdr Warning: \headheight is too small (12.0pt): 
 Make it at least 13.59999pt.
 We now make it that large for the rest of the document.
 This may cause the page layout to be inconsistent, however.

[88]
Underfull \hbox (badness 1178) in paragraph at lines 1494--1502
\OT1/MinionPro-OsF/m/n/11.5 da pequena--burguesia. Constituiu--se, dessa ma-
 []


Underfull \hbox (badness 2932) in paragraph at lines 1503--1513
[]\OT1/MinionPro-OsF/m/n/11.5 Esse so-ci-a-lismo dis-se-cou com ex-trema pers-
 []


Underfull \hbox (badness 1867) in paragraph at lines 1503--1513
\OT1/MinionPro-OsF/m/n/11.5 pic[]acia as contradi[][]oes exis-ten-tes nas mo-de
r-nas
 []


Underfull \hbox (badness 1622) in paragraph at lines 1503--1513
\OT1/MinionPro-OsF/m/n/11.5 za-men-tos hip[]ocritas dos eco-no-mis-tas. De-mons
-
 []


Underfull \hbox (badness 4242) in paragraph at lines 1503--1513
\OT1/MinionPro-OsF/m/n/11.5 trou, de ma-neira ir-re-fut[]avel, os efei-tos des-
tru-
 []


Underfull \hbox (badness 4291) in paragraph at lines 1503--1513
\OT1/MinionPro-OsF/m/n/11.5 ti-vos da ma-qui-na-ria e da di-vis[]ao do tra-ba-l
ho,
 []


Underfull \hbox (badness 6477) in paragraph at lines 1503--1513
\OT1/MinionPro-OsF/m/n/11.5 a concentra[][]ao dos ca-pi-tais e da pro-pri-e-dad
e
 []


Underfull \vbox (badness 10000) has occurred while \output is active []



Package Fancyhdr Warning: \headheight is too small (12.0pt): 
 Make it at least 13.59999pt.
 We now make it that large for the rest of the document.
 This may cause the page layout to be inconsistent, however.

[89]
Overfull \hbox (6.06506pt too wide) in paragraph at lines 1525--1529
[]\OT1/MinionPro-OsF/m/n/11.5 Em seu de-sen-vol-vi-mento pos-te-rior, essa tend
[]encia
 []


Underfull \hbox (badness 2717) in paragraph at lines 1537--1550
[]\OT1/MinionPro-OsF/m/n/11.5 Fil[]osofos alem[]aes, se-mi-fil[]osofos e be-le-
tris-tas
 []


Underfull \hbox (badness 1442) in paragraph at lines 1537--1550
\OT1/MinionPro-OsF/m/n/11.5 apoderaram--se avi-da-mente dessa li-te-ra-tura, e 
es-
 []


Underfull \hbox (badness 1546) in paragraph at lines 1537--1550
\OT1/MinionPro-OsF/m/n/11.5 cesa per-deu todo sig-ni-fi-cado pr[]atico ime-di-a
to e
 []


Package Fancyhdr Warning: \headheight is too small (12.0pt): 
 Make it at least 13.59999pt.
 We now make it that large for the rest of the document.
 This may cause the page layout to be inconsistent, however.

[90]
Underfull \hbox (badness 5954) in paragraph at lines 1568--1572
[]\OT1/MinionPro-OsF/m/n/11.5 A inser[][]ao sub--rept[]^^Pcia desse pa-lavr[]or
io fi-
 []


Underfull \hbox (badness 7362) in paragraph at lines 1568--1572
\OT1/MinionPro-OsF/m/n/11.5 -na \fi-lo-so-fia da a[][]ao", \so-ci-a-lismo ver-d
a-deiro",
 []


Underfull \vbox (badness 10000) has occurred while \output is active []



Package Fancyhdr Warning: \headheight is too small (12.0pt): 
 Make it at least 13.59999pt.
 We now make it that large for the rest of the document.
 This may cause the page layout to be inconsistent, however.

[91]
Overfull \hbox (6.11787pt too wide) in paragraph at lines 1591--1603
\OT1/MinionPro-OsF/m/n/11.5 de-se-jada opor-tu-ni-dade de con-tra-por as reivin
dica[][]oes
 []


Underfull \hbox (badness 2318) in paragraph at lines 1591--1603
\OT1/MinionPro-OsF/m/n/11.5 so-ci-a-lis-tas ao mo-vi-mento pol[]^^Ptico, de lan
[]ar os
 []


Underfull \vbox (badness 10000) has occurred while \output is active []



Package Fancyhdr Warning: \headheight is too small (12.0pt): 
 Make it at least 13.59999pt.
 We now make it that large for the rest of the document.
 This may cause the page layout to be inconsistent, however.

[92]
Underfull \hbox (badness 1769) in paragraph at lines 1604--1607
[]\OT1/MinionPro-OsF/m/n/11.5 Ele ser-via aos go-ver-nos ab-so-lu-tis-tas alem[
]aes,
 []


Underfull \hbox (badness 3514) in paragraph at lines 1608--1611
[]\OT1/MinionPro-OsF/m/n/11.5 Ele cons-titu[]^^Pa o com-ple-mento ado-ci-cado [
]as
 []


Underfull \hbox (badness 3209) in paragraph at lines 1608--1611
\OT1/MinionPro-OsF/m/n/11.5 amar-gas chi-ba-ta-das e ba-las de es-pin-garda com

 []


Underfull \hbox (badness 2213) in paragraph at lines 1612--1621
[]\OT1/MinionPro-OsF/m/n/11.5 Se de tal ma-neira o so-ci-a-lismo \ver-da-deiro"

 []


Underfull \vbox (badness 10000) has occurred while \output is active []



Package Fancyhdr Warning: \headheight is too small (12.0pt): 
 Make it at least 13.59999pt.
 We now make it that large for the rest of the document.
 This may cause the page layout to be inconsistent, however.

[93]
Underfull \hbox (badness 2057) in paragraph at lines 1629--1634
\OT1/MinionPro-OsF/m/n/11.5 letr[]^^Pstica, im-preg-nada de su-fo-cante or-va-l
ho sen-
 []


Underfull \hbox (badness 2503) in paragraph at lines 1629--1634
\OT1/MinionPro-OsF/m/n/11.5 so-ci-a-lis-tas alem[]aes en-vol-ve-ram seu pu-nhad
o de
 []


Underfull \hbox (badness 2790) in paragraph at lines 1629--1634
\OT1/MinionPro-OsF/m/n/11.5 esqu[]alidas \ver-da-des eter-nas", ape-nas in-ten-
si-fica
 []


Underfull \vbox (badness 10000) has occurred while \output is active []



Package Fancyhdr Warning: \headheight is too small (12.0pt): 
 Make it at least 13.59999pt.
 We now make it that large for the rest of the document.
 This may cause the page layout to be inconsistent, however.

[94]
Underfull \hbox (badness 3209) in paragraph at lines 1658--1663
\OT1/MinionPro-OsF/m/n/11.5 tro-pos, hu-ma-nit[]arios, re-for-ma-do-res da situ
a[][]ao
 []


Underfull \hbox (badness 1199) in paragraph at lines 1664--1666
[]\OT1/MinionPro-OsF/m/n/11.5 Mencionemos, como exem-plo, a \OT1/MinionPro-OsF/
m/it/11.5 Fi-lo-so-fia da
 []


Underfull \hbox (badness 6063) in paragraph at lines 1679--1692
[]\OT1/MinionPro-OsF/m/n/11.5 Uma se-gunda forma desse so-ci-a-lismo, me-
 []


Underfull \vbox (badness 10000) has occurred while \output is active []



Package Fancyhdr Warning: \headheight is too small (12.0pt): 
 Make it at least 13.59999pt.
 We now make it that large for the rest of the document.
 This may cause the page layout to be inconsistent, however.

[95]
Underfull \hbox (badness 1270) in paragraph at lines 1710--1719
\OT1/MinionPro-OsF/m/n/11.5 re-vo-lu-cion[]aria, que acom-pa-nhou es-sas pri-me
i-ras
 []


Package Fancyhdr Warning: \headheight is too small (12.0pt): 
 Make it at least 13.59999pt.
 We now make it that large for the rest of the document.
 This may cause the page layout to be inconsistent, however.

[96]
Underfull \hbox (badness 2050) in paragraph at lines 1732--1737
[]\OT1/MinionPro-OsF/m/n/11.5 Uma vez que o de-sen-vol-vi-mento do an-ta-go-
 []


Underfull \hbox (badness 1917) in paragraph at lines 1738--1745
\OT1/MinionPro-OsF/m/n/11.5 a sua pr[]opria ati-vi-dade in-ven-tiva, no lu-gar 
das
 []


Underfull \vbox (badness 10000) has occurred while \output is active []



Package Fancyhdr Warning: \headheight is too small (12.0pt): 
 Make it at least 13.59999pt.
 We now make it that large for the rest of the document.
 This may cause the page layout to be inconsistent, however.

[97]
Underfull \hbox (badness 3407) in paragraph at lines 1765--1770
\OT1/MinionPro-OsF/m/n/11.5 en-con-tra muito pouco de-sen-vol-vido, []epoca em
 []


Underfull \hbox (badness 1389) in paragraph at lines 1765--1770
\OT1/MinionPro-OsF/m/n/11.5 fant[]astico a sua pr[]opria situa[][]ao, essa desc
ri[][]ao
 []


Underfull \vbox (badness 10000) has occurred while \output is active []



Package Fancyhdr Warning: \headheight is too small (12.0pt): 
 Make it at least 13.59999pt.
 We now make it that large for the rest of the document.
 This may cause the page layout to be inconsistent, however.

[98]
Underfull \hbox (badness 2035) in paragraph at lines 1771--1783
[]\OT1/MinionPro-OsF/m/n/11.5 Todavia, os es-cri-tos so-ci-a-lis-tas e co-mu-ni
s-tas
 []


Underfull \hbox (badness 1173) in paragraph at lines 1771--1783
\OT1/MinionPro-OsF/m/n/11.5 po-si-ti-vas so-bre a so-ci-e-dade fu-tura, por exe
m-plo,
 []


Underfull \hbox (badness 1009) in paragraph at lines 1784--1811
\OT1/MinionPro-OsF/m/n/11.5 cr[]^^Ptico--ut[]opicos est[]a na raz[]ao in-versa 
de seu de-
 []


Underfull \hbox (badness 1087) in paragraph at lines 1784--1811
\OT1/MinionPro-OsF/m/n/11.5 essa eleva[][]ao fant[]astica so-bre tal luta, esse
 com-
 []


Underfull \hbox (badness 3965) in paragraph at lines 1784--1811
\OT1/MinionPro-OsF/m/n/11.5 em re-gime ex-pe-ri-men-tal, de suas uto-pias so-ci
-
 []


Underfull \hbox (badness 1152) in paragraph at lines 1784--1811
\OT1/MinionPro-OsF/m/n/11.5 de \OT1/MinionPro-OsF/m/it/11.5 home\OT1/MinionPro-
OsF/m/n/11.5 --col[]onias, implanta[][]ao de uma pe-quena
 []


Underfull \vbox (badness 10000) has occurred while \output is active []



Package Fancyhdr Warning: \headheight is too small (12.0pt): 
 Make it at least 13.59999pt.
 We now make it that large for the rest of the document.
 This may cause the page layout to be inconsistent, however.

[99]
Underfull \hbox (badness 2418) in paragraph at lines 1812--1819
\OT1/MinionPro-OsF/m/n/11.5 mo-vi-mento pol[]^^Ptico dos oper[]arios que s[]o p
[]ode
 []


Underfull \vbox (badness 10000) has occurred while \output is active []



Package Fancyhdr Warning: \headheight is too small (12.0pt): 
 Make it at least 13.59999pt.
 We now make it that large for the rest of the document.
 This may cause the page layout to be inconsistent, however.

[100]
Underfull \vbox (badness 10000) has occurred while \output is active []



Package Fancyhdr Warning: \headheight is too small (12.0pt): 
 Make it at least 13.59999pt.
 We now make it that large for the rest of the document.
 This may cause the page layout to be inconsistent, however.

[101]
Underfull \hbox (badness 2393) in paragraph at lines 1872--1874
\OT1/MinionPro-OsF/m/n/11.5 parte todo mo-vi-mento re-vo-lu-cion[]ario con-tra 
as
 []


Underfull \hbox (badness 1210) in paragraph at lines 1879--1881
[]\OT1/MinionPro-OsF/m/n/11.5 Os co-mu-nis-tas, por fim, tra-ba-lham em toda
 []


Underfull \hbox (badness 1596) in paragraph at lines 1882--1888
[]\OT1/MinionPro-OsF/m/n/11.5 Os co-mu-nis-tas recusam--se a dis-si-mu-lar suas

 []


Underfull \vbox (badness 10000) has occurred while \output is active []



Package Fancyhdr Warning: \headheight is too small (12.0pt): 
 Make it at least 13.59999pt.
 We now make it that large for the rest of the document.
 This may cause the page layout to be inconsistent, however.

[102])

Package Fancyhdr Warning: \headheight is too small (12.0pt): 
 Make it at least 13.59999pt.
 We now make it that large for the rest of the document.
 This may cause the page layout to be inconsistent, however.

[103] (./MARX.ent
Underfull \hbox (badness 1082) in paragraph at lines 170--191
[][] \OT1/MinionPro-OsF/m/n/9 (+20) Re-fer[]encia []a sun-tu-osa re-sid[]encia 
im-pe-rial na ci-dade de
 []


Package Fancyhdr Warning: \headheight is too small (12.0pt): 
 Make it at least 13.59999pt.
 We now make it that large for the rest of the document.
 This may cause the page layout to be inconsistent, however.

[104


]

Package Fancyhdr Warning: \headheight is too small (12.0pt): 
 Make it at least 13.59999pt.
 We now make it that large for the rest of the document.
 This may cause the page layout to be inconsistent, however.

[105]
Underfull \hbox (badness 1546) in paragraph at lines 759--879
[][] \OT1/MinionPro-OsF/m/n/9 (+20) No ori-gi-nal, o termo cor-res-pon-dente a 
\bur-gue-ses das
 []


Package Fancyhdr Warning: \headheight is too small (12.0pt): 
 Make it at least 13.59999pt.
 We now make it that large for the rest of the document.
 This may cause the page layout to be inconsistent, however.

[106]

Package Fancyhdr Warning: \headheight is too small (12.0pt): 
 Make it at least 13.59999pt.
 We now make it that large for the rest of the document.
 This may cause the page layout to be inconsistent, however.

[107]

Package Fancyhdr Warning: \headheight is too small (12.0pt): 
 Make it at least 13.59999pt.
 We now make it that large for the rest of the document.
 This may cause the page layout to be inconsistent, however.

[108])

Package Fancyhdr Warning: \headheight is too small (12.0pt): 
 Make it at least 13.59999pt.
 We now make it that large for the rest of the document.
 This may cause the page layout to be inconsistent, however.

[109]
\openout2 = `FINAIS.aux'.

 (./FINAIS.tex
(/home/jorge/LATEX/svn/template/livro/hedrabook/PUBLICIDADE.tex
Underfull \hbox (badness 10000) in paragraph at lines 6--7

 []

[110


]
Underfull \vbox (badness 10000) has occurred while \output is active []

 [111]
Underfull \vbox (badness 10000) has occurred while \output is active []

 [112]
[113])
LaTeX Font Info:    Font shape `T1/pcr/bx/n' in size <11.5> not available
(Font)              Font shape `T1/pcr/b/n' tried instead on input line 9.

Overfull \hbox (227.17993pt too wide) in alignment at lines 8--26
[][][]
 []

) [114

] (./MARX.aux (./PRETAS.aux) (./INTRO.aux) (./TEXTO.aux) (./FINAIS.aux)) ) 
Here is how much of TeX's memory you used:
 11349 strings out of 493485
 187477 string characters out of 3143527
 322646 words of memory out of 3000000
 13569 multiletter control sequences out of 15000+200000
 527079 words of font info for 760 fonts, out of 3000000 for 9000
 961 hyphenation exceptions out of 8191
 51i,26n,66p,332b,691s stack positions out of 5000i,500n,10000p,200000b,50000s
{/usr
/share/texlive/texmf-dist/fonts/enc/dvips/mnsymbol/MnSymbolE.enc}{/usr/local/sh
are/texmf/fonts/enc/dvips/MinionPro/base-MinionPro-ae.enc}{/usr/local/share/tex
mf/fonts/enc/dvips/MinionPro/base-MinionPro-ac.enc}{/usr/local/share/texmf/font
s/enc/dvips/MinionPro/base-MinionPro-aa.enc}{/usr/local/share/texmf/fonts/enc/d
vips/MinionPro/base-MinionPro-ab.enc}{/usr/share/texlive/texmf-dist/fonts/enc/d
vips/base/8r.enc}</usr/local/share/texmf/fonts/type1/adobe/MinionPro/MinionPro-
Bold.pfb></usr/local/share/texmf/fonts/type1/adobe/MinionPro/MinionPro-It.pfb><
/usr/local/share/texmf/fonts/type1/adobe/MinionPro/MinionPro-Regular.pfb></usr/
share/texlive/texmf-dist/fonts/type1/public/mnsymbol/MnSymbol12.pfb></usr/share
/texlive/texmf-dist/fonts/type1/public/amsfonts/cm/cmtt9.pfb></usr/share/texliv
e/texmf-dist/fonts/type1/public/amsfonts/latxfont/lcircle1.pfb></usr/share/texl
ive/texmf-dist/fonts/type1/urw/courier/ucrb8a.pfb></usr/share/texlive/texmf-dis
t/fonts/type1/urw/times/utmr8a.pfb>
Output written on MARX.pdf (114 pages, 1317783 bytes).
PDF statistics:
 449 PDF objects out of 1000 (max. 8388607)
 305 compressed objects within 4 object streams
 0 named destinations out of 1000 (max. 500000)
 99334 words of extra memory for PDF output out of 106986 (max. 10000000)

